all-products-collection:169433595984
Total number of products: 264
Getting all Product IDs...
All unique product IDs accounted for.
Missing meta tags: https://fatima-jewellery.myshopify.com/admin/products/4851861880912
Missing meta tags: https://fatima-jewellery.myshopify.com/admin/products/4851861389392
Not gold: 
Not gold: 
Not gold: 
Not gold: 
Not gold: 
Not gold: 
Not gold: 
Not gold: 
Not gold: 
Not gold: 
Not gold: 
Not gold: 
Not gold: 
Not gold: 
Not gold: 
Not gold: 
Not gold: 
Not gold: 
Not gold: 
Not gold: 
261
Performing price change for a total of 215 gold products
6783776456784 from: $319.00 --> $389  (1.38 x 280)...done (1/215)
6783774359632 from: $1369.00 --> $1639  (6.05 x 270)...done (2/215)
6783765151824 from: $2219.00 --> $2659  (9.85 x 270)...done (3/215)
6616365826128 from: $509.00 --> $619  (2.2 x 280)...done (4/215)
4858981449808 from: $5549.00 --> $6749  (24.1 x 280)...done (5/215)
4858980859984 from: $3659.00 --> $4449  (15.88 x 280)...done (6/215)
4858980499536 from: $5199.00 --> $6329  (22.6 x 280)...done (7/215)
4858979582032 from: $6779.00 --> $8249  (29.45 x 280)...done (8/215)
4858976698448 from: $4569.00 --> $5560  (19.86 x 280)...done (9/215)
4858974535760 from: $2629.00 --> $3199  (11.42 x 280)...done (10/215)
4858973913168 from: $4349.00 --> $5289  (18.88 x 280)...done (11/215)
4858969292880 from: $6549.00 --> $7969  (28.45 x 280)...done (12/215)
4858966114384 from: $7759.00 --> $9439  (33.71 x 280)...done (13/215)
4858965524560 from: $2309.00 --> $2809  (10.01 x 280)...done (14/215)
4858965262416 from: $9009.00 --> $10969  (39.16 x 280)...done (15/215)
4858962673744 from: $8429.00 --> $10269  (36.65 x 280)...done (16/215)
4858953990224 from: $9989.00 --> $12159  (43.4 x 280)...done (17/215)
4858332643408 from: $2509.00 --> $3059  (10.9 x 280)...done (18/215)
4858331594832 from: $2329.00 --> $2829  (10.1 x 280)...done (19/215)
4858330742864 from: $1289.00 --> $1569  (5.6 x 280)...done (20/215)
4858328612944 from: $1109.00 --> $1349  (4.8 x 280)...done (21/215)
4858326679632 from: $2459.00 --> $2949  (10.9 x 270)...done (22/215)
4858324549712 from: $1449.00 --> $1769  (9.3 x 190)...done (23/215)
4858323435600 from: $419.00 --> $509  (1.8 x 280)...done (24/215)
4858322878544 from: $1359.00 --> $1659  (5.9 x 280)...done (25/215)
4858321535056 from: $1109.00 --> $1349  (4.8 x 280)...done (26/215)
4858321240144 from: $1479.00 --> $1799  (6.4 x 280)...done (27/215)
4858320781392 from: $1799.00 --> $2189  (7.8 x 280)...done (28/215)
4858320093264 from: $2259.00 --> $2749  (9.8 x 280)...done (29/215)
4858318291024 from: $859.00 --> $1039  (3.7 x 280)...done (30/215)
4858316685392 from: $809.00 --> $980  (3.5 x 280)...done (31/215)
4856356405328 from: $1549.00 --> $1879  (6.7 x 280)...done (32/215)
4852719910992 from: $1549.00 --> $1879  (6.7 x 280)...done (33/215)
4852718895184 from: $1379.00 --> $1649  (6.1 x 270)...done (34/215)
4852718469200 from: $1519.00 --> $1849  (6.6 x 280)...done (35/215)
4852717584464 from: $2739.00 --> $3339  (11.9 x 280)...done (36/215)
4852717125712 from: $2049.00 --> $2499  (8.9 x 280)...done (37/215)
4852716601424 from: $879.00 --> $1069  (3.8 x 280)...done (38/215)
4852181991504 from: $690.00 --> $840  (3 x 280)...done (39/215)
4852172324944 from: $949.00 --> $1149  (4.1 x 280)...done (40/215)
4852171276368 from: $969.00 --> $1179  (4.2 x 280)...done (41/215)
4852170817616 from: $789.00 --> $959  (3.4 x 280)...done (42/215)
4852170555472 from: $1269.00 --> $1540  (5.5 x 280)...done (43/215)
4852169605200 from: $1179.00 --> $1429  (5.1 x 280)...done (44/215)
4851875872848 from: $1029.00 --> $1249  (4.46 x 280)...done (45/215)
4851870171216 from: $989.00 --> $1209  (4.3 x 280)...done (46/215)
4851868074064 from: $830.00 --> $1010  (3.61 x 280)...done (47/215)
4851866566736 from: $1399.00 --> $1699  (6.07 x 280)...done (48/215)
4851866501200 from: $829.00 --> $1009  (3.6 x 280)...done (49/215)
4851866337360 from: $1109.00 --> $1349  (4.82 x 280)...done (50/215)
4851866239056 from: $919.00 --> $1119  (3.97 x 280)...done (51/215)
4851866140752 from: $689.00 --> $839  (4.4 x 190)...done (52/215)
4851865944144 from: $1199.00 --> $1459  (5.2 x 280)...done (53/215)
4851865452624 from: $1729.00 --> $2100  (7.5 x 280)...done (54/215)
4851864633424 from: $579.00 --> $700  (2.5 x 280)...done (55/215)
4851864371280 from: $969.00 --> $1179  (4.2 x 280)...done (56/215)
4851864141904 from: $1150.00 --> $1400  (5 x 280)...done (57/215)
4851863388240 from: $629.00 --> $759  (2.7 x 280)...done (58/215)
4851863191632 from: $1189.00 --> $1449  (5.15 x 280)...done (59/215)
4851862929488 from: $949.00 --> $1149  (4.1 x 280)...done (60/215)
4851862896720 from: $1109.00 --> $1349  (4.8 x 280)...done (61/215)
4851862634576 from: $1519.00 --> $1849  (6.6 x 280)...done (62/215)
4851861946448 from: $1249.00 --> $1519  (5.4 x 280)...done (63/215)
4851861749840 from: $809.00 --> $980  (3.5 x 280)...done (64/215)
4851861422160 from: $809.00 --> $980  (3.5 x 280)...done (65/215)
4851861094480 from: $1269.00 --> $1540  (5.5 x 280)...done (66/215)
4851860832336 from: $1550.00 --> $1889  (6.74 x 280)...done (67/215)
4851860242512 from: $1129.00 --> $1379  (4.9 x 280)...done (68/215)
4851849461840 from: $1199.00 --> $1459  (5.20 x 280)...done (69/215)
4851840450640 from: $4699.00 --> $5719  (20.42 x 280)...done (70/215)
4851826917456 from: $3179.00 --> $3869  (13.79 x 280)...done (71/215)
4851811418192 from: $2739.00 --> $3329  (11.89 x 280)...done (72/215)
4851800211536 from: $2739.00 --> $3329  (11.89 x 280)...done (73/215)
4851799621712 from: $3879.00 --> $4719  (16.84 x 280)...done (74/215)
4850719260752 from: $1729.00 --> $2100  (7.5 x 280)...done (75/215)
4850717950032 from: $1319.00 --> $1599  (5.7 x 280)...done (76/215)
4850715689040 from: $719.00 --> $869  (3.1 x 280)...done (77/215)
4850715197520 from: $1549.00 --> $1879  (6.7 x 280)...done (78/215)
4850714378320 from: $1549.00 --> $1879  (6.7 x 280)...done (79/215)
4850713591888 from: $739.00 --> $899  (3.2 x 280)...done (80/215)
4850712641616 from: $1909.00 --> $2329  (8.3 x 280)...done (81/215)
4850711330896 from: $1199.00 --> $1459  (5.2 x 280)...done (82/215)
4850710610000 from: $659.00 --> $789  (2.9 x 270)...done (83/215)
4850709659728 from: $1150.00 --> $1400  (5 x 280)...done (84/215)
4850707857488 from: $579.00 --> $700  (2.5 x 280)...done (85/215)
4850706514000 from: $480.00 --> $589  (3.1 x 190)...done (86/215)
4850153160784 from: $2139.00 --> $2609  (9.3 x 280)...done (87/215)
4850149228624 from: $1710.00 --> $2070  (9 x 230)...done (88/215)
4850148278352 from: $1319.00 --> $1599  (5.7 x 280)...done (89/215)
4850146934864 from: $2029.00 --> $2430  (9 x 270)...done (90/215)
4850131468368 from: $879.00 --> $1069  (3.8 x 280)...done (91/215)
4849945018448 from: $2319.00 --> $2819  (10.07 x 280)...done (92/215)
4848644325456 from: $1509.00 --> $1809  (6.7 x 270)...done (93/215)
4848642326608 from: $579.00 --> $700  (2.5 x 280)...done (94/215)
4848641081424 from: $649.00 --> $789  (3.4 x 230)...done (95/215)
4848640622672 from: $949.00 --> $1159  (6.1 x 190)...done (96/215)
4848637345872 from: $1289.00 --> $1569  (5.6 x 280)...done (97/215)
4848635707472 from: $1610.00 --> $1960  (7 x 280)...done (98/215)
4848631480400 from: $659.00 --> $799  (4.2 x 190)...done (99/215)
4848625483856 from: $789.00 --> $959  (3.4 x 280)...done (100/215)
4848622993488 from: $1860.00 --> $2280  (12 x 190)...done (101/215)
4847371649104 from: $1129.00 --> $1379  (4.9 x 280)...done (102/215)
4847352053840 from: $559.00 --> $679  (2.4 x 280)...done (103/215)
4847316664400 from: $279.00 --> $339  (1.2 x 280)...done (104/215)
4847315091536 from: $329.00 --> $399  (1.4 x 280)...done (105/215)
4847312240720 from: $259.00 --> $309  (1.1 x 280)...done (106/215)
4847311683664 from: $369.00 --> $449  (1.6 x 280)...done (107/215)
4847311224912 from: $249.00 --> $299  (1.3 x 230)...done (108/215)
4847269511248 from: $859.00 --> $1039  (3.7 x 280)...done (109/215)
4847269314640 from: $859.00 --> $1039  (3.7 x 280)...done (110/215)
4847269183568 from: $829.00 --> $1009  (3.6 x 280)...done (111/215)
4847268954192 from: $809.00 --> $980  (3.5 x 280)...done (112/215)
4847268462672 from: $759.00 --> $929  (3.3 x 280)...done (113/215)
4847267709008 from: $4769.00 --> $5799  (20.7 x 280)...done (114/215)
4847266562128 from: $6929.00 --> $8429  (30.1 x 280)...done (115/215)
4847266431056 from: $460.00 --> $560  (2 x 280)...done (116/215)
4847266136144 from: $1129.00 --> $1379  (4.9 x 280)...done (117/215)
4847265022032 from: $719.00 --> $869  (3.1 x 280)...done (118/215)
4847264235600 from: $1179.00 --> $1429  (5.1 x 280)...done (119/215)
4847030730832 from: $729.00 --> $889  (3.17 x 280)...done (120/215)
4847030370384 from: $1949.00 --> $2369  (8.45 x 280)...done (121/215)
4847029780560 from: $2699.00 --> $3279  (11.7 x 280)...done (122/215)
4847028240464 from: $1519.00 --> $1849  (6.59 x 280)...done (123/215)
4847027716176 from: $1980.00 --> $2410  (8.61 x 280)...done (124/215)
4847025717328 from: $549.00 --> $669  (2.39 x 280)...done (125/215)
4847023947856 from: $519.00 --> $629  (2.24 x 280)...done (126/215)
4847023718480 from: $2559.00 --> $3119  (11.13 x 280)...done (127/215)
4847022178384 from: $2520.00 --> $3069  (10.96 x 280)...done (128/215)
4847021621328 from: $1779.00 --> $2139  (7.90 x 270)...done (129/215)
4847021228112 from: $2489.00 --> $3029  (10.79 x 280)...done (130/215)
4847021162576 from: $1399.00 --> $1699  (6.06 x 280)...done (131/215)
4847020965968 from: $969.00 --> $1179  (4.21 x 280)...done (132/215)
4847020507216 from: $929.00 --> $1139  (4.04 x 280)...done (133/215)
4846059520080 from: $1339.00 --> $1629  (5.80 x 280)...done (134/215)
4846053425232 from: $1719.00 --> $2099  (7.47 x 280)...done (135/215)
4846048313424 from: $609.00 --> $749  (2.65 x 280)...done (136/215)
4846045659216 from: $729.00 --> $889  (3.17 x 280)...done (137/215)
4846042284112 from: $1059.00 --> $1289  (4.6 x 280)...done (138/215)
4845966950480 from: $890.00 --> $1089  (3.87 x 280)...done (139/215)
4845953941584 from: $1119.00 --> $1360  (4.86 x 280)...done (140/215)
4845937360976 from: $1759.00 --> $2139  (7.63 x 280)...done (141/215)
4845921140816 from: $1329.00 --> $1619  (5.77 x 280)...done (142/215)
4845906690128 from: $1200.00 --> $1469  (5.22 x 280)...done (143/215)
4845878083664 from: $1149.00 --> $1399  (4.97 x 280)...done (144/215)
4845853212752 from: $999.00 --> $1219  (4.33 x 280)...done (145/215)
4845828309072 from: $849.00 --> $1030  (3.68 x 280)...done (146/215)
4845470089296 from: $2240.00 --> $2729  (9.74 x 280)...done (147/215)
4845451640912 from: $1150.00 --> $1400  (5.0 x 280)...done (148/215)
4845435879504 from: $1290.00 --> $1570  (5.61 x 280)...done (149/215)
4845424476240 from: $1249.00 --> $1520  (5.43 x 280)...done (150/215)
4845405241424 from: $839.00 --> $1019  (3.64 x 280)...done (151/215)
4845403177040 from: $1019.00 --> $1239  (4.42 x 280)...done (152/215)
4845376012368 from: $1659.00 --> $2019  (7.2 x 280)...done (153/215)
4845365887056 from: $2129.00 --> $2589  (9.23 x 280)...done (154/215)
4676889804880 from: $299.00 --> $369  (1.3 x 280)...done (155/215)
4676855988304 from: $1409.00 --> $1709  (6.1 x 280)...done (156/215)
4676612325456 from: $349.00 --> $420  (1.5 x 280)...done (157/215)
4676460314704 from: $1319.00 --> $1599  (5.7 x 280)...done (158/215)
4676378493008 from: $1699.00 --> $2069  (7.39 x 280)...done (159/215)
4664933941328 from: $1779.00 --> $2159  (7.7 x 280)...done (160/215)
4664840912976 from: $489.00 --> $589  (2.10 x 280)...done (161/215)
4657414701136 from: $569.00 --> $699  (2.47 x 280)...done (162/215)
4657413128272 from: $899.00 --> $1089  (3.88 x 280)...done (163/215)
4657392156752 from: $669.00 --> $809  (2.88 x 280)...done (164/215)
4657311383632 from: $939.00 --> $1139  (4.07 x 280)...done (165/215)
8406090001 from: $829.00 --> $1009  (3.6 x 280)...done (166/215)
8406088081 from: $1179.00 --> $1429  (5.1 x 280)...done (167/215)
8406079185 from: $949.00 --> $1149  (4.1 x 280)...done (168/215)
8406075537 from: $1549.00 --> $1879  (6.7 x 280)...done (169/215)
8406069905 from: $809.00 --> $980  (3.5 x 280)...done (170/215)
8406068561 from: $2399.00 --> $2919  (10.4 x 280)...done (171/215)
8406066833 from: $1319.00 --> $1599  (5.7 x 280)...done (172/215)
8406062929 from: $1589.00 --> $1939  (6.9 x 280)...done (173/215)
8406056593 from: $2719.00 --> $3309  (11.8 x 280)...done (174/215)
8405573649 from: $529.00 --> $649  (2.3 x 280)...done (175/215)
8404976209 from: $1819.00 --> $2219  (7.9 x 280)...done (176/215)
8404959569 from: $1429.00 --> $1739  (6.2 x 280)...done (177/215)
8404939537 from: $1059.00 --> $1289  (4.6 x 280)...done (178/215)
8404900433 from: $2509.00 --> $3059  (10.9 x 280)...done (179/215)
8404518801 from: $969.00 --> $1179  (4.2 x 280)...done (180/215)
8404500625 from: $2530.00 --> $3080  (11.0 x 280)...done (181/215)
8404447121 from: $1779.00 --> $2159  (7.7 x 280)...done (182/215)
8404439313 from: $2239.00 --> $2719  (9.7 x 280)...done (183/215)
8403239889 from: $399.00 --> $479  (1.7 x 280)...done (184/215)
8403169809 from: $349.00 --> $420  (1.5 x 280)...done (185/215)
8402803921 from: $259.00 --> $309  (1.1 x 280)...done (186/215)
8402798865 from: $279.00 --> $339  (1.2 x 280)...done (187/215)
8402792977 from: $399.00 --> $479  (1.7 x 280)...done (188/215)
8402779601 from: $529.00 --> $649  (2.3 x 280)...done (189/215)
8402768209 from: $579.00 --> $700  (2.5 x 280)...done (190/215)
8402764561 from: $399.00 --> $479  (1.7 x 280)...done (191/215)
8402715345 from: $460.00 --> $560  (2.0 x 280)...done (192/215)
8402615889 from: $920.00 --> $1120  (4.0 x 280)...done (193/215)
8402577361 from: $529.00 --> $649  (2.3 x 280)...done (194/215)
8402538513 from: $369.00 --> $449  (1.6 x 280)...done (195/215)
8402526353 from: $399.00 --> $479  (1.7 x 280)...done (196/215)
8402505937 from: $369.00 --> $449  (1.6 x 280)...done (197/215)
8402457937 from: $739.00 --> $899  (3.2 x 280)...done (198/215)
8401154577 from: $739.00 --> $899  (3.2 x 280)...done (199/215)
8401129553 from: $299.00 --> $369  (1.3 x 280)...done (200/215)
8401108177 from: $279.00 --> $339  (1.2 x 280)...done (201/215)
8401084561 from: $439.00 --> $539  (1.9 x 280)...done (202/215)
8400987601 from: $279.00 --> $339  (1.2 x 280)...done (203/215)
8400967441 from: $369.00 --> $449  (1.6 x 280)...done (204/215)
8400949329 from: $460.00 --> $560  (2.0 x 280)...done (205/215)
8400945041 from: $599.00 --> $729  (2.6 x 280)...done (206/215)
8396103697 from: $259.00 --> $309  (1.10 x 280)...done (207/215)
8393259089 from: $230.00 --> $280  (1.0 x 280)...done (208/215)
8393222929 from: $529.00 --> $649  (2.30 x 280)...done (209/215)
8393207697 from: $509.00 --> $619  (2.20 x 280)...done (210/215)
8393186065 from: $509.00 --> $619  (2.20 x 280)...done (211/215)
8393088081 from: $460.00 --> $560  (2.0 x 280)...done (212/215)
8388171409 from: $399.00 --> $489  (1.73 x 280)...done (213/215)
8388160337 from: $489.00 --> $589  (2.10 x 280)...done (214/215)
8388141393 from: $239.00 --> $289  (1.01 x 280)...done (215/215)
RETRY COUNT = 82
RATE LIMIT COUNT = 82
