all-products-collection:169433595984
Total number of products: 264
Getting all Product IDs...
All unique product IDs accounted for.
Missing meta tags: https://fatima-jewellery.myshopify.com/admin/products/4851861880912
Missing meta tags: https://fatima-jewellery.myshopify.com/admin/products/4851861389392
Not gold: 
Not gold: 
Not gold: 
Not gold: 
Not gold: 
Not gold: 
Not gold: 
Not gold: 
Not gold: 
Not gold: 
Not gold: 
Not gold: 
Not gold: 
Not gold: 
Not gold: 
Not gold: 
Not gold: 
Not gold: 
Not gold: 
Not gold: 
261
Performing price change for a total of 215 gold products
6783776456784 from: $279.00 --> $319  (1.38 x 230)...done (1/215)
6783774359632 from: $1179.00 --> $1369  (6.05 x 225)...done (2/215)
6783765151824 from: $1920.00 --> $2219  (9.85 x 225)...done (3/215)
6616365826128 from: $440.00 --> $509  (2.2 x 230)...done (4/215)
4858981449808 from: $4820.00 --> $5549  (24.1 x 230)...done (5/215)
4858980859984 from: $3179.00 --> $3659  (15.88 x 230)...done (6/215)
4858980499536 from: $4520.00 --> $5199  (22.6 x 230)...done (7/215)
4858979582032 from: $5890.00 --> $6779  (29.45 x 230)...done (8/215)
4858976698448 from: $3979.00 --> $4569  (19.86 x 230)...done (9/215)
4858974535760 from: $2289.00 --> $2629  (11.42 x 230)...done (10/215)
4858973913168 from: $3779.00 --> $4349  (18.88 x 230)...done (11/215)
4858969292880 from: $5690.00 --> $6549  (28.45 x 230)...done (12/215)
4858966114384 from: $6749.00 --> $7759  (33.71 x 230)...done (13/215)
4858965524560 from: $2009.00 --> $2309  (10.01 x 230)...done (14/215)
4858965262416 from: $7839.00 --> $9009  (39.16 x 230)...done (15/215)
4858962673744 from: $7330.00 --> $8429  (36.65 x 230)...done (16/215)
4858953990224 from: $8680.00 --> $9989  (43.4 x 230)...done (17/215)
4858332643408 from: $2180.00 --> $2509  (10.9 x 230)...done (18/215)
4858331594832 from: $2020.00 --> $2329  (10.1 x 230)...done (19/215)
4858330742864 from: $1120.00 --> $1289  (5.6 x 230)...done (20/215)
4858328612944 from: $960.00 --> $1109  (4.8 x 230)...done (21/215)
4858326679632 from: $2129.00 --> $2459  (10.9 x 225)...done (22/215)
4858324549712 from: $1259.00 --> $1449  (9.3 x 155)...done (23/215)
4858323435600 from: $360.00 --> $419  (1.8 x 230)...done (24/215)
4858322878544 from: $1180.00 --> $1359  (5.9 x 230)...done (25/215)
4858321535056 from: $960.00 --> $1109  (4.8 x 230)...done (26/215)
4858321240144 from: $1280.00 --> $1479  (6.4 x 230)...done (27/215)
4858320781392 from: $1560.00 --> $1799  (7.8 x 230)...done (28/215)
4858320093264 from: $1960.00 --> $2259  (9.8 x 230)...done (29/215)
4858318291024 from: $740.00 --> $859  (3.7 x 230)...done (30/215)
4858316685392 from: $700.00 --> $809  (3.5 x 230)...done (31/215)
4856356405328 from: $1340.00 --> $1549  (6.7 x 230)...done (32/215)
4852719910992 from: $1340.00 --> $1549  (6.7 x 230)...done (33/215)
4852718895184 from: $1189.00 --> $1379  (6.1 x 225)...done (34/215)
4852718469200 from: $1320.00 --> $1519  (6.6 x 230)...done (35/215)
4852717584464 from: $2380.00 --> $2739  (11.9 x 230)...done (36/215)
4852717125712 from: $1780.00 --> $2049  (8.9 x 230)...done (37/215)
4852716601424 from: $760.00 --> $879  (3.8 x 230)...done (38/215)
4852181991504 from: $600.00 --> $690  (3 x 230)...done (39/215)
4852172324944 from: $819.00 --> $949  (4.1 x 230)...done (40/215)
4852171276368 from: $840.00 --> $969  (4.2 x 230)...done (41/215)
4852170817616 from: $680.00 --> $789  (3.4 x 230)...done (42/215)
4852170555472 from: $1100.00 --> $1269  (5.5 x 230)...done (43/215)
4852169605200 from: $1019.00 --> $1179  (5.1 x 230)...done (44/215)
4851875872848 from: $899.00 --> $1029  (4.46 x 230)...done (45/215)
4851870171216 from: $860.00 --> $989  (4.3 x 230)...done (46/215)
4851868074064 from: $729.00 --> $830  (3.61 x 230)...done (47/215)
4851866566736 from: $1219.00 --> $1399  (6.07 x 230)...done (48/215)
4851866501200 from: $720.00 --> $829  (3.6 x 230)...done (49/215)
4851866337360 from: $969.00 --> $1109  (4.82 x 230)...done (50/215)
4851866239056 from: $799.00 --> $919  (3.97 x 230)...done (51/215)
4851866140752 from: $599.00 --> $689  (4.4 x 155)...done (52/215)
4851865944144 from: $1040.00 --> $1199  (5.2 x 230)...done (53/215)
4851865452624 from: $1500.00 --> $1729  (7.5 x 230)...done (54/215)
4851864633424 from: $500.00 --> $579  (2.5 x 230)...done (55/215)
4851864371280 from: $840.00 --> $969  (4.2 x 230)...done (56/215)
4851864141904 from: $1000.00 --> $1150  (5 x 230)...done (57/215)
4851863388240 from: $540.00 --> $629  (2.7 x 230)...done (58/215)
4851863191632 from: $1030.00 --> $1189  (5.15 x 230)...done (59/215)
4851862929488 from: $819.00 --> $949  (4.1 x 230)...done (60/215)
4851862896720 from: $960.00 --> $1109  (4.8 x 230)...done (61/215)
4851862634576 from: $1320.00 --> $1519  (6.6 x 230)...done (62/215)
4851861946448 from: $1080.00 --> $1249  (5.4 x 230)...done (63/215)
4851861749840 from: $700.00 --> $809  (3.5 x 230)...done (64/215)
4851861422160 from: $700.00 --> $809  (3.5 x 230)...done (65/215)
4851861094480 from: $1100.00 --> $1269  (5.5 x 230)...done (66/215)
4851860832336 from: $1349.00 --> $1550  (6.74 x 230)...done (67/215)
4851860242512 from: $980.00 --> $1129  (4.9 x 230)...done (68/215)
4851849461840 from: $1040.00 --> $1199  (5.20 x 230)...done (69/215)
4851840450640 from: $4089.00 --> $4699  (20.42 x 230)...done (70/215)
4851826917456 from: $2759.00 --> $3179  (13.79 x 230)...done (71/215)
4851811418192 from: $2379.00 --> $2739  (11.89 x 230)...done (72/215)
4851800211536 from: $2379.00 --> $2739  (11.89 x 230)...done (73/215)
4851799621712 from: $3369.00 --> $3879  (16.84 x 230)...done (74/215)
4850719260752 from: $1500.00 --> $1729  (7.5 x 230)...done (75/215)
4850717950032 from: $1140.00 --> $1319  (5.7 x 230)...done (76/215)
4850715689040 from: $620.00 --> $719  (3.1 x 230)...done (77/215)
4850715197520 from: $1340.00 --> $1549  (6.7 x 230)...done (78/215)
4850714378320 from: $1340.00 --> $1549  (6.7 x 230)...done (79/215)
4850713591888 from: $640.00 --> $739  (3.2 x 230)...done (80/215)
4850712641616 from: $1660.00 --> $1909  (8.3 x 230)...done (81/215)
4850711330896 from: $1040.00 --> $1199  (5.2 x 230)...done (82/215)
4850710610000 from: $569.00 --> $659  (2.9 x 225)...done (83/215)
4850709659728 from: $1000.00 --> $1150  (5 x 230)...done (84/215)
4850707857488 from: $500.00 --> $579  (2.5 x 230)...done (85/215)
4850706514000 from: $419.00 --> $480  (3.1 x 155)...done (86/215)
4850153160784 from: $1860.00 --> $2139  (9.3 x 230)...done (87/215)
4850149228624 from: $1489.00 --> $1710  (9 x 190)...done (88/215)
4850148278352 from: $1140.00 --> $1319  (5.7 x 230)...done (89/215)
4850146934864 from: $1759.00 --> $2029  (9 x 225)...done (90/215)
4850131468368 from: $760.00 --> $879  (3.8 x 230)...done (91/215)
4849945018448 from: $2019.00 --> $2319  (10.07 x 230)...done (92/215)
4848644325456 from: $1309.00 --> $1509  (6.7 x 225)...done (93/215)
4848642326608 from: $500.00 --> $579  (2.5 x 230)...done (94/215)
4848641081424 from: $569.00 --> $649  (3.4 x 190)...done (95/215)
4848640622672 from: $829.00 --> $949  (6.1 x 155)...done (96/215)
4848637345872 from: $1120.00 --> $1289  (5.6 x 230)...done (97/215)
4848635707472 from: $1400.00 --> $1610  (7 x 230)...done (98/215)
4848631480400 from: $569.00 --> $659  (4.2 x 155)...done (99/215)
4848625483856 from: $680.00 --> $789  (3.4 x 230)...done (100/215)
4848622993488 from: $1620.00 --> $1860  (12 x 155)...done (101/215)
4847371649104 from: $980.00 --> $1129  (4.9 x 230)...done (102/215)
4847352053840 from: $480.00 --> $559  (2.4 x 230)...done (103/215)
4847316664400 from: $240.00 --> $279  (1.2 x 230)...done (104/215)
4847315091536 from: $280.00 --> $329  (1.4 x 230)...done (105/215)
4847312240720 from: $220.00 --> $259  (1.1 x 230)...done (106/215)
4847311683664 from: $320.00 --> $369  (1.6 x 230)...done (107/215)
4847311224912 from: $219.00 --> $249  (1.3 x 190)...done (108/215)
4847269511248 from: $740.00 --> $859  (3.7 x 230)...done (109/215)
4847269314640 from: $740.00 --> $859  (3.7 x 230)...done (110/215)
4847269183568 from: $720.00 --> $829  (3.6 x 230)...done (111/215)
4847268954192 from: $700.00 --> $809  (3.5 x 230)...done (112/215)
4847268462672 from: $660.00 --> $759  (3.3 x 230)...done (113/215)
4847267709008 from: $4140.00 --> $4769  (20.7 x 230)...done (114/215)
4847266562128 from: $6020.00 --> $6929  (30.1 x 230)...done (115/215)
4847266431056 from: $400.00 --> $460  (2 x 230)...done (116/215)
4847266136144 from: $980.00 --> $1129  (4.9 x 230)...done (117/215)
4847265022032 from: $620.00 --> $719  (3.1 x 230)...done (118/215)
4847264235600 from: $1019.00 --> $1179  (5.1 x 230)...done (119/215)
4847030730832 from: $639.00 --> $729  (3.17 x 230)...done (120/215)
4847030370384 from: $1689.00 --> $1949  (8.45 x 230)...done (121/215)
4847029780560 from: $2340.00 --> $2699  (11.7 x 230)...done (122/215)
4847028240464 from: $1319.00 --> $1519  (6.59 x 230)...done (123/215)
4847027716176 from: $1729.00 --> $1980  (8.61 x 230)...done (124/215)
4847025717328 from: $479.00 --> $549  (2.39 x 230)...done (125/215)
4847023947856 from: $449.00 --> $519  (2.24 x 230)...done (126/215)
4847023718480 from: $2229.00 --> $2559  (11.13 x 230)...done (127/215)
4847022178384 from: $2199.00 --> $2520  (10.96 x 230)...done (128/215)
4847021621328 from: $1540.00 --> $1779  (7.90 x 225)...done (129/215)
4847021228112 from: $2159.00 --> $2489  (10.79 x 230)...done (130/215)
4847021162576 from: $1219.00 --> $1399  (6.06 x 230)...done (131/215)
4847020965968 from: $849.00 --> $969  (4.21 x 230)...done (132/215)
4847020507216 from: $809.00 --> $929  (4.04 x 230)...done (133/215)
4846059520080 from: $1160.00 --> $1339  (5.80 x 230)...done (134/215)
4846053425232 from: $1499.00 --> $1719  (7.47 x 230)...done (135/215)
4846048313424 from: $530.00 --> $609  (2.65 x 230)...done (136/215)
4846045659216 from: $639.00 --> $729  (3.17 x 230)...done (137/215)
4846042284112 from: $919.00 --> $1059  (4.6 x 230)...done (138/215)
4845966950480 from: $779.00 --> $890  (3.87 x 230)...done (139/215)
4845953941584 from: $979.00 --> $1119  (4.86 x 230)...done (140/215)
4845937360976 from: $1529.00 --> $1759  (7.63 x 230)...done (141/215)
4845921140816 from: $1159.00 --> $1329  (5.77 x 230)...done (142/215)
4845906690128 from: $1049.00 --> $1200  (5.22 x 230)...done (143/215)
4845878083664 from: $999.00 --> $1149  (4.97 x 230)...done (144/215)
4845853212752 from: $869.00 --> $999  (4.33 x 230)...done (145/215)
4845828309072 from: $739.00 --> $849  (3.68 x 230)...done (146/215)
4845470089296 from: $1949.00 --> $2240  (9.74 x 230)...done (147/215)
4845451640912 from: $1000.00 --> $1150  (5.0 x 230)...done (148/215)
4845435879504 from: $1129.00 --> $1290  (5.61 x 230)...done (149/215)
4845424476240 from: $1089.00 --> $1249  (5.43 x 230)...done (150/215)
4845405241424 from: $729.00 --> $839  (3.64 x 230)...done (151/215)
4845403177040 from: $889.00 --> $1019  (4.42 x 230)...done (152/215)
4845376012368 from: $1440.00 --> $1659  (7.2 x 230)...done (153/215)
4845365887056 from: $1849.00 --> $2129  (9.23 x 230)...done (154/215)
4676889804880 from: $260.00 --> $299  (1.3 x 230)...done (155/215)
4676855988304 from: $1220.00 --> $1409  (6.1 x 230)...done (156/215)
4676612325456 from: $300.00 --> $349  (1.5 x 230)...done (157/215)
4676460314704 from: $1140.00 --> $1319  (5.7 x 230)...done (158/215)
4676378493008 from: $1479.00 --> $1699  (7.39 x 230)...done (159/215)
4664933941328 from: $1540.00 --> $1779  (7.7 x 230)...done (160/215)
4664840912976 from: $420.00 --> $489  (2.10 x 230)...done (161/215)
4657414701136 from: $499.00 --> $569  (2.47 x 230)...done (162/215)
4657413128272 from: $779.00 --> $899  (3.88 x 230)...done (163/215)
4657392156752 from: $579.00 --> $669  (2.88 x 230)...done (164/215)
4657311383632 from: $819.00 --> $939  (4.07 x 230)...done (165/215)
8406090001 from: $720.00 --> $829  (3.6 x 230)...done (166/215)
8406088081 from: $1019.00 --> $1179  (5.1 x 230)...done (167/215)
8406079185 from: $819.00 --> $949  (4.1 x 230)...done (168/215)
8406075537 from: $1340.00 --> $1549  (6.7 x 230)...done (169/215)
8406069905 from: $700.00 --> $809  (3.5 x 230)...done (170/215)
8406068561 from: $2080.00 --> $2399  (10.4 x 230)...done (171/215)
8406066833 from: $1140.00 --> $1319  (5.7 x 230)...done (172/215)
8406062929 from: $1380.00 --> $1589  (6.9 x 230)...done (173/215)
8406056593 from: $2360.00 --> $2719  (11.8 x 230)...done (174/215)
8405573649 from: $459.00 --> $529  (2.3 x 230)...done (175/215)
8404976209 from: $1580.00 --> $1819  (7.9 x 230)...done (176/215)
8404959569 from: $1240.00 --> $1429  (6.2 x 230)...done (177/215)
8404939537 from: $919.00 --> $1059  (4.6 x 230)...done (178/215)
8404900433 from: $2180.00 --> $2509  (10.9 x 230)...done (179/215)
8404518801 from: $840.00 --> $969  (4.2 x 230)...done (180/215)
8404500625 from: $2200.00 --> $2530  (11.0 x 230)...done (181/215)
8404447121 from: $1540.00 --> $1779  (7.7 x 230)...done (182/215)
8404439313 from: $1939.00 --> $2239  (9.7 x 230)...done (183/215)
8403239889 from: $340.00 --> $399  (1.7 x 230)...done (184/215)
8403169809 from: $300.00 --> $349  (1.5 x 230)...done (185/215)
8402803921 from: $220.00 --> $259  (1.1 x 230)...done (186/215)
8402798865 from: $240.00 --> $279  (1.2 x 230)...done (187/215)
8402792977 from: $340.00 --> $399  (1.7 x 230)...done (188/215)
8402779601 from: $459.00 --> $529  (2.3 x 230)...done (189/215)
8402768209 from: $500.00 --> $579  (2.5 x 230)...done (190/215)
8402764561 from: $340.00 --> $399  (1.7 x 230)...done (191/215)
8402715345 from: $400.00 --> $460  (2.0 x 230)...done (192/215)
8402615889 from: $800.00 --> $920  (4.0 x 230)...done (193/215)
8402577361 from: $459.00 --> $529  (2.3 x 230)...done (194/215)
8402538513 from: $320.00 --> $369  (1.6 x 230)...done (195/215)
8402526353 from: $340.00 --> $399  (1.7 x 230)...done (196/215)
8402505937 from: $320.00 --> $369  (1.6 x 230)...done (197/215)
8402457937 from: $640.00 --> $739  (3.2 x 230)...done (198/215)
8401154577 from: $640.00 --> $739  (3.2 x 230)...done (199/215)
8401129553 from: $260.00 --> $299  (1.3 x 230)...done (200/215)
8401108177 from: $240.00 --> $279  (1.2 x 230)...done (201/215)
8401084561 from: $380.00 --> $439  (1.9 x 230)...done (202/215)
8400987601 from: $240.00 --> $279  (1.2 x 230)...done (203/215)
8400967441 from: $320.00 --> $369  (1.6 x 230)...done (204/215)
8400949329 from: $400.00 --> $460  (2.0 x 230)...done (205/215)
8400945041 from: $520.00 --> $599  (2.6 x 230)...done (206/215)
8396103697 from: $220.00 --> $259  (1.10 x 230)...done (207/215)
8393259089 from: $200.00 --> $230  (1.0 x 230)...done (208/215)
8393222929 from: $459.00 --> $529  (2.30 x 230)...done (209/215)
8393207697 from: $440.00 --> $509  (2.20 x 230)...done (210/215)
8393186065 from: $440.00 --> $509  (2.20 x 230)...done (211/215)
8393088081 from: $400.00 --> $460  (2.0 x 230)...done (212/215)
8388171409 from: $349.00 --> $399  (1.73 x 230)...done (213/215)
8388160337 from: $420.00 --> $489  (2.10 x 230)...done (214/215)
8388141393 from: $209.00 --> $239  (1.01 x 230)...done (215/215)
RETRY COUNT = 126
RATE LIMIT COUNT = 126
