all-products-collection:169433595984
Total number of products: 264
Getting all Product IDs...
All unique product IDs accounted for.
Missing meta tags: https://fatima-jewellery.myshopify.com/admin/products/4851861880912
Missing meta tags: https://fatima-jewellery.myshopify.com/admin/products/4851861389392
Not gold: 
Not gold: 
Not gold: 
Not gold: 
Not gold: 
Not gold: 
Not gold: 
Not gold: 
Not gold: 
Not gold: 
Not gold: 
Not gold: 
Not gold: 
Not gold: 
Not gold: 
Not gold: 
Not gold: 
Not gold: 
Not gold: 
Not gold: 
261
Performing price change for a total of 215 gold products
6783776456784 from: $229.00 --> $249  (1.38 x 180)...done (1/215)
6783774359632 from: $969.00 --> $1059  (6.05 x 175)...done (2/215)
6783765151824 from: $1579.00 --> $1729  (9.85 x 175)...done (3/215)
6616365826128 from: $369.00 --> $399  (2.2 x 180)...done (4/215)
4858981449808 from: $3979.00 --> $4339  (24.1 x 180)...done (5/215)
4858980859984 from: $2620.00 --> $2859  (15.88 x 180)...done (6/215)
4858980499536 from: $3729.00 --> $4069  (22.6 x 180)...done (7/215)
4858979582032 from: $4859.00 --> $5309  (29.45 x 180)...done (8/215)
4858976698448 from: $3279.00 --> $3579  (19.86 x 180)...done (9/215)
4858974535760 from: $1889.00 --> $2059  (11.42 x 180)...done (10/215)
4858973913168 from: $3119.00 --> $3399  (18.88 x 180)...done (11/215)
4858969292880 from: $4699.00 --> $5129  (28.45 x 180)...done (12/215)
4858966114384 from: $5569.00 --> $6069  (33.71 x 180)...done (13/215)
4858965524560 from: $1659.00 --> $1809  (10.01 x 180)...done (14/215)
4858965262416 from: $6469.00 --> $7049  (39.16 x 180)...done (15/215)
4858962673744 from: $6049.00 --> $6599  (36.65 x 180)...done (16/215)
4858953990224 from: $7169.00 --> $7819  (43.4 x 180)...done (17/215)
4858332643408 from: $1799.00 --> $1969  (10.9 x 180)...done (18/215)
4858331594832 from: $1669.00 --> $1819  (10.1 x 180)...done (19/215)
4858330742864 from: $929.00 --> $1009  (5.6 x 180)...done (20/215)
4858328612944 from: $799.00 --> $869  (4.8 x 180)...done (21/215)
4858326679632 from: $1749.00 --> $1909  (10.9 x 175)...done (22/215)
4858324549712 from: $1029.00 --> $1119  (9.3 x 120)...done (23/215)
4858323435600 from: $299.00 --> $329  (1.8 x 180)...done (24/215)
4858322878544 from: $979.00 --> $1069  (5.9 x 180)...done (25/215)
4858321535056 from: $799.00 --> $869  (4.8 x 180)...done (26/215)
4858321240144 from: $1059.00 --> $1159  (6.4 x 180)...done (27/215)
4858320781392 from: $1289.00 --> $1409  (7.8 x 180)...done (28/215)
4858320093264 from: $1619.00 --> $1769  (9.8 x 180)...done (29/215)
4858318291024 from: $610.00 --> $669  (3.7 x 180)...done (30/215)
4858316685392 from: $579.00 --> $630  (3.5 x 180)...done (31/215)
4856356405328 from: $1109.00 --> $1209  (6.7 x 180)...done (32/215)
4852719910992 from: $1109.00 --> $1209  (6.7 x 180)...done (33/215)
4852718895184 from: $979.00 --> $1069  (6.1 x 175)...done (34/215)
4852718469200 from: $1089.00 --> $1189  (6.6 x 180)...done (35/215)
4852717584464 from: $1969.00 --> $2149  (11.9 x 180)...done (36/215)
4852717125712 from: $1469.00 --> $1609  (8.9 x 180)...done (37/215)
4852716601424 from: $629.00 --> $689  (3.8 x 180)...done (38/215)
4852181991504 from: $499.00 --> $540  (3 x 180)...done (39/215)
4852172324944 from: $679.00 --> $739  (4.1 x 180)...done (40/215)
4852171276368 from: $699.00 --> $759  (4.2 x 180)...done (41/215)
4852170817616 from: $569.00 --> $619  (3.4 x 180)...done (42/215)
4852170555472 from: $909.00 --> $990  (5.5 x 180)...done (43/215)
4852169605200 from: $849.00 --> $919  (5.1 x 180)...done (44/215)
4851875872848 from: $739.00 --> $809  (4.46 x 180)...done (45/215)
4851870171216 from: $709.00 --> $779  (4.3 x 180)...done (46/215)
4851868074064 from: $599.00 --> $649  (3.61 x 180)...done (47/215)
4851866566736 from: $1009.00 --> $1099  (6.07 x 180)...done (48/215)
4851866501200 from: $599.00 --> $649  (3.6 x 180)...done (49/215)
4851866337360 from: $799.00 --> $869  (4.82 x 180)...done (50/215)
4851866239056 from: $659.00 --> $719  (3.97 x 180)...done (51/215)
4851866140752 from: $489.00 --> $529  (4.4 x 120)...done (52/215)
4851865944144 from: $859.00 --> $939  (5.2 x 180)...done (53/215)
4851865452624 from: $1239.00 --> $1350  (7.5 x 180)...done (54/215)
4851864633424 from: $419.00 --> $450  (2.5 x 180)...done (55/215)
4851864371280 from: $699.00 --> $759  (4.2 x 180)...done (56/215)
4851864141904 from: $829.00 --> $900  (5 x 180)...done (57/215)
4851863388240 from: $449.00 --> $489  (2.7 x 180)...done (58/215)
4851863191632 from: $849.00 --> $929  (5.15 x 180)...done (59/215)
4851862929488 from: $679.00 --> $739  (4.1 x 180)...done (60/215)
4851862896720 from: $799.00 --> $869  (4.8 x 180)...done (61/215)
4851862634576 from: $1089.00 --> $1189  (6.6 x 180)...done (62/215)
4851861946448 from: $899.00 --> $979  (5.4 x 180)...done (63/215)
4851861749840 from: $579.00 --> $630  (3.5 x 180)...done (64/215)
4851861422160 from: $579.00 --> $630  (3.5 x 180)...done (65/215)
4851861094480 from: $909.00 --> $990  (5.5 x 180)...done (66/215)
4851860832336 from: $1119.00 --> $1219  (6.74 x 180)...done (67/215)
4851860242512 from: $809.00 --> $889  (4.9 x 180)...done (68/215)
4851849461840 from: $859.00 --> $939  (5.20 x 180)...done (69/215)
4851840450640 from: $3369.00 --> $3679  (20.42 x 180)...done (70/215)
4851826917456 from: $2279.00 --> $2489  (13.79 x 180)...done (71/215)
4851811418192 from: $1969.00 --> $2140  (11.89 x 180)...done (72/215)
4851800211536 from: $1969.00 --> $2140  (11.89 x 180)...done (73/215)
4851799621712 from: $2779.00 --> $3039  (16.84 x 180)...done (74/215)
4850719260752 from: $1239.00 --> $1350  (7.5 x 180)...done (75/215)
4850717950032 from: $940.00 --> $1029  (5.7 x 180)...done (76/215)
4850715689040 from: $519.00 --> $559  (3.1 x 180)...done (77/215)
4850715197520 from: $1109.00 --> $1209  (6.7 x 180)...done (78/215)
4850714378320 from: $1109.00 --> $1209  (6.7 x 180)...done (79/215)
4850713591888 from: $529.00 --> $579  (3.2 x 180)...done (80/215)
4850712641616 from: $1369.00 --> $1499  (8.3 x 180)...done (81/215)
4850711330896 from: $859.00 --> $939  (5.2 x 180)...done (82/215)
4850710610000 from: $469.00 --> $509  (2.9 x 175)...done (83/215)
4850709659728 from: $829.00 --> $900  (5 x 180)...done (84/215)
4850707857488 from: $419.00 --> $450  (2.5 x 180)...done (85/215)
4850706514000 from: $349.00 --> $379  (3.1 x 120)...done (86/215)
4850153160784 from: $1539.00 --> $1679  (9.3 x 180)...done (87/215)
4850149228624 from: $1260.00 --> $1350  (9 x 150)...done (88/215)
4850148278352 from: $940.00 --> $1029  (5.7 x 180)...done (89/215)
4850146934864 from: $1440.00 --> $1579  (9 x 175)...done (90/215)
4850131468368 from: $629.00 --> $689  (3.8 x 180)...done (91/215)
4849945018448 from: $1669.00 --> $1819  (10.07 x 180)...done (92/215)
4848644325456 from: $1079.00 --> $1179  (6.7 x 175)...done (93/215)
4848642326608 from: $419.00 --> $450  (2.5 x 180)...done (94/215)
4848641081424 from: $479.00 --> $510  (3.4 x 150)...done (95/215)
4848640622672 from: $679.00 --> $739  (6.1 x 120)...done (96/215)
4848637345872 from: $929.00 --> $1009  (5.6 x 180)...done (97/215)
4848635707472 from: $1159.00 --> $1260  (7 x 180)...done (98/215)
4848631480400 from: $469.00 --> $509  (4.2 x 120)...done (99/215)
4848625483856 from: $569.00 --> $619  (3.4 x 180)...done (100/215)
4848622993488 from: $1320.00 --> $1440  (12 x 120)...done (101/215)
4847371649104 from: $809.00 --> $889  (4.9 x 180)...done (102/215)
4847352053840 from: $399.00 --> $439  (2.4 x 180)...done (103/215)
4847316664400 from: $199.00 --> $219  (1.2 x 180)...done (104/215)
4847315091536 from: $230.00 --> $259  (1.4 x 180)...done (105/215)
4847312240720 from: $189.00 --> $199  (1.1 x 180)...done (106/215)
4847311683664 from: $269.00 --> $289  (1.6 x 180)...done (107/215)
4847311224912 from: $189.00 --> $199  (1.3 x 150)...done (108/215)
4847269511248 from: $610.00 --> $669  (3.7 x 180)...done (109/215)
4847269314640 from: $610.00 --> $669  (3.7 x 180)...done (110/215)
4847269183568 from: $599.00 --> $649  (3.6 x 180)...done (111/215)
4847268954192 from: $579.00 --> $630  (3.5 x 180)...done (112/215)
4847268462672 from: $549.00 --> $599  (3.3 x 180)...done (113/215)
4847267709008 from: $3419.00 --> $3729  (20.7 x 180)...done (114/215)
4847266562128 from: $4969.00 --> $5419  (30.1 x 180)...done (115/215)
4847266431056 from: $330.00 --> $360  (2 x 180)...done (116/215)
4847266136144 from: $809.00 --> $889  (4.9 x 180)...done (117/215)
4847265022032 from: $519.00 --> $559  (3.1 x 180)...done (118/215)
4847264235600 from: $849.00 --> $919  (5.1 x 180)...done (119/215)
4847030730832 from: $529.00 --> $570  (3.17 x 180)...done (120/215)
4847030370384 from: $1399.00 --> $1520  (8.45 x 180)...done (121/215)
4847029780560 from: $1930.00 --> $2109  (11.7 x 180)...done (122/215)
4847028240464 from: $1089.00 --> $1189  (6.59 x 180)...done (123/215)
4847027716176 from: $1420.00 --> $1549  (8.61 x 180)...done (124/215)
4847025717328 from: $399.00 --> $430  (2.39 x 180)...done (125/215)
4847023947856 from: $369.00 --> $409  (2.24 x 180)...done (126/215)
4847023718480 from: $1839.00 --> $2009  (11.13 x 180)...done (127/215)
4847022178384 from: $1809.00 --> $1979  (10.96 x 180)...done (128/215)
4847021621328 from: $1269.00 --> $1389  (7.90 x 175)...done (129/215)
4847021228112 from: $1780.00 --> $1949  (10.79 x 180)...done (130/215)
4847021162576 from: $999.00 --> $1090  (6.06 x 180)...done (131/215)
4847020965968 from: $699.00 --> $759  (4.21 x 180)...done (132/215)
4847020507216 from: $669.00 --> $729  (4.04 x 180)...done (133/215)
4846059520080 from: $959.00 --> $1049  (5.80 x 180)...done (134/215)
4846053425232 from: $1239.00 --> $1349  (7.47 x 180)...done (135/215)
4846048313424 from: $439.00 --> $479  (2.65 x 180)...done (136/215)
4846045659216 from: $529.00 --> $570  (3.17 x 180)...done (137/215)
4846042284112 from: $759.00 --> $829  (4.6 x 180)...done (138/215)
4845966950480 from: $639.00 --> $699  (3.87 x 180)...done (139/215)
4845953941584 from: $809.00 --> $879  (4.86 x 180)...done (140/215)
4845937360976 from: $1259.00 --> $1379  (7.63 x 180)...done (141/215)
4845921140816 from: $959.00 --> $1039  (5.77 x 180)...done (142/215)
4845906690128 from: $869.00 --> $939  (5.22 x 180)...done (143/215)
4845878083664 from: $820.00 --> $899  (4.97 x 180)...done (144/215)
4845853212752 from: $719.00 --> $779  (4.33 x 180)...done (145/215)
4845828309072 from: $609.00 --> $669  (3.68 x 180)...done (146/215)
4845470089296 from: $1609.00 --> $1759  (9.74 x 180)...done (147/215)
4845451640912 from: $829.00 --> $900  (5.0 x 180)...done (148/215)
4845435879504 from: $929.00 --> $1009  (5.61 x 180)...done (149/215)
4845424476240 from: $899.00 --> $979  (5.43 x 180)...done (150/215)
4845405241424 from: $600.00 --> $659  (3.64 x 180)...done (151/215)
4845403177040 from: $729.00 --> $799  (4.42 x 180)...done (152/215)
4845376012368 from: $1189.00 --> $1299  (7.2 x 180)...done (153/215)
4845365887056 from: $1529.00 --> $1669  (9.23 x 180)...done (154/215)
4676889804880 from: $219.00 --> $239  (1.3 x 180)...done (155/215)
4676855988304 from: $1009.00 --> $1099  (6.1 x 180)...done (156/215)
4676612325456 from: $249.00 --> $270  (1.5 x 180)...done (157/215)
4676460314704 from: $940.00 --> $1029  (5.7 x 180)...done (158/215)
4676378493008 from: $1219.00 --> $1330  (7.39 x 180)...done (159/215)
4664933941328 from: $1270.00 --> $1389  (7.7 x 180)...done (160/215)
4664840912976 from: $349.00 --> $379  (2.10 x 180)...done (161/215)
4657414701136 from: $409.00 --> $449  (2.47 x 180)...done (162/215)
4657413128272 from: $640.00 --> $699  (3.88 x 180)...done (163/215)
4657392156752 from: $479.00 --> $519  (2.88 x 180)...done (164/215)
4657311383632 from: $679.00 --> $739  (4.07 x 180)...done (165/215)
8406090001 from: $599.00 --> $649  (3.6 x 180)...done (166/215)
8406088081 from: $849.00 --> $919  (5.1 x 180)...done (167/215)
8406079185 from: $679.00 --> $739  (4.1 x 180)...done (168/215)
8406075537 from: $1109.00 --> $1209  (6.7 x 180)...done (169/215)
8406069905 from: $579.00 --> $630  (3.5 x 180)...done (170/215)
8406068561 from: $1719.00 --> $1879  (10.4 x 180)...done (171/215)
8406066833 from: $940.00 --> $1029  (5.7 x 180)...done (172/215)
8406062929 from: $1139.00 --> $1249  (6.9 x 180)...done (173/215)
8406056593 from: $1949.00 --> $2129  (11.8 x 180)...done (174/215)
8405573649 from: $379.00 --> $419  (2.3 x 180)...done (175/215)
8404976209 from: $1309.00 --> $1429  (7.9 x 180)...done (176/215)
8404959569 from: $1029.00 --> $1119  (6.2 x 180)...done (177/215)
8404939537 from: $759.00 --> $829  (4.6 x 180)...done (178/215)
8404900433 from: $1799.00 --> $1969  (10.9 x 180)...done (179/215)
8404518801 from: $699.00 --> $759  (4.2 x 180)...done (180/215)
8404500625 from: $1819.00 --> $1980  (11.0 x 180)...done (181/215)
8404447121 from: $1270.00 --> $1389  (7.7 x 180)...done (182/215)
8404439313 from: $1600.00 --> $1749  (9.7 x 180)...done (183/215)
8403239889 from: $280.00 --> $309  (1.7 x 180)...done (184/215)
8403169809 from: $249.00 --> $270  (1.5 x 180)...done (185/215)
8402803921 from: $189.00 --> $199  (1.1 x 180)...done (186/215)
8402798865 from: $199.00 --> $219  (1.2 x 180)...done (187/215)
8402792977 from: $280.00 --> $309  (1.7 x 180)...done (188/215)
8402779601 from: $379.00 --> $419  (2.3 x 180)...done (189/215)
8402768209 from: $419.00 --> $450  (2.5 x 180)...done (190/215)
8402764561 from: $280.00 --> $309  (1.7 x 180)...done (191/215)
8402715345 from: $330.00 --> $360  (2.0 x 180)...done (192/215)
8402615889 from: $660.00 --> $720  (4.0 x 180)...done (193/215)
8402577361 from: $379.00 --> $419  (2.3 x 180)...done (194/215)
8402538513 from: $269.00 --> $289  (1.6 x 180)...done (195/215)
8402526353 from: $280.00 --> $309  (1.7 x 180)...done (196/215)
8402505937 from: $269.00 --> $289  (1.6 x 180)...done (197/215)
8402457937 from: $529.00 --> $579  (3.2 x 180)...done (198/215)
8401154577 from: $529.00 --> $579  (3.2 x 180)...done (199/215)
8401129553 from: $219.00 --> $239  (1.3 x 180)...done (200/215)
8401108177 from: $199.00 --> $219  (1.2 x 180)...done (201/215)
8401084561 from: $319.00 --> $349  (1.9 x 180)...done (202/215)
8400987601 from: $199.00 --> $219  (1.2 x 180)...done (203/215)
8400967441 from: $269.00 --> $289  (1.6 x 180)...done (204/215)
8400949329 from: $330.00 --> $360  (2.0 x 180)...done (205/215)
8400945041 from: $429.00 --> $469  (2.6 x 180)...done (206/215)
8396103697 from: $189.00 --> $199  (1.10 x 180)...done (207/215)
8393259089 from: $169.00 --> $180  (1.0 x 180)...done (208/215)
8393222929 from: $379.00 --> $419  (2.30 x 180)...done (209/215)
8393207697 from: $369.00 --> $399  (2.20 x 180)...done (210/215)
8393186065 from: $369.00 --> $399  (2.20 x 180)...done (211/215)
8393088081 from: $330.00 --> $360  (2.0 x 180)...done (212/215)
8388171409 from: $289.00 --> $319  (1.73 x 180)...done (213/215)
8388160337 from: $349.00 --> $379  (2.10 x 180)...done (214/215)
8388141393 from: $169.00 --> $189  (1.01 x 180)...done (215/215)
RETRY COUNT = 88
RATE LIMIT COUNT = 88
