all-products-collection:169433595984
Total number of products: 255
Getting all Product IDs...
All unique product IDs accounted for.
Missing meta tags: https://fatima-jewellery.myshopify.com/admin/products/4851861880912
Missing meta tags: https://fatima-jewellery.myshopify.com/admin/products/4851861389392
251
Performing price change for a total of 212 gold products
Changing price of 4874577412176 from: $419.00 --> $379  (2.5 x 150)...done (1/212)
Changing price of 4858981449808 from: $5000.00 --> $3619  (24.1 x 150)...done (2/212)
Changing price of 4858980859984 from: $2700.00 --> $2389  (15.88 x 150)...done (3/212)
Changing price of 4858980499536 from: $3849.00 --> $3390  (22.6 x 150)...done (4/212)
Changing price of 4858979582032 from: $5009.00 --> $4419  (29.45 x 150)...done (5/212)
Changing price of 4858976698448 from: $3379.00 --> $2979  (19.86 x 150)...done (6/212)
Changing price of 4858974535760 from: $1949.00 --> $1719  (11.42 x 150)...done (7/212)
Changing price of 4858973913168 from: $3209.00 --> $2839  (18.88 x 150)...done (8/212)
Changing price of 4858969292880 from: $4839.00 --> $4269  (28.45 x 150)...done (9/212)
Changing price of 4858966114384 from: $5730.00 --> $5059  (33.71 x 150)...done (10/212)
Changing price of 4858965524560 from: $1700.00 --> $1509  (10.01 x 150)...done (11/212)
Changing price of 4858965262416 from: $6659.00 --> $5879  (39.16 x 150)...done (12/212)
Changing price of 4858962673744 from: $6230.00 --> $5499  (36.65 x 150)...done (13/212)
Changing price of 4858953990224 from: $7379.00 --> $6510  (43.4 x 150)...done (14/212)
Changing price of 4858332643408 from: $1859.00 --> $1639  (10.9 x 150)...done (15/212)
Changing price of 4858331594832 from: $1719.00 --> $1519  (10.1 x 150)...done (16/212)
Changing price of 4858330742864 from: $959.00 --> $840  (5.6 x 150)...done (17/212)
Changing price of 4858328612944 from: $819.00 --> $720  (4.8 x 150)...done (18/212)
Changing price of 4858326679632 from: $1749.00 --> $1639  (10.9 x 150)...done (19/212)
Changing price of 4858324549712 from: $930.00 --> $839  (9.3 x 90)...done (20/212)
Changing price of 4858323435600 from: $550.00 --> $270  (1.8 x 150)...done (21/212)
Changing price of 4858322878544 from: $819.00 --> $889  (5.9 x 150)...done (22/212)
Changing price of 4858321535056 from: $819.00 --> $720  (4.8 x 150)...done (23/212)
Changing price of 4858321240144 from: $1089.00 --> $960  (6.4 x 150)...done (24/212)
Changing price of 4858320781392 from: $1329.00 --> $1170  (7.8 x 150)...done (25/212)
Changing price of 4858320093264 from: $1669.00 --> $1470  (9.8 x 150)...done (26/212)
Changing price of 4858318291024 from: $629.00 --> $559  (3.7 x 150)...done (27/212)
Changing price of 4858316685392 from: $599.00 --> $529  (3.5 x 150)...done (28/212)
Changing price of 4856356405328 from: $529.00 --> $1009  (6.7 x 150)...done (29/212)
Changing price of 4852719910992 from: $1139.00 --> $1009  (6.7 x 150)...done (30/212)
Changing price of 4852718895184 from: $1009.00 --> $919  (6.1 x 150)...done (31/212)
Changing price of 4852718469200 from: $1129.00 --> $990  (6.6 x 150)...done (32/212)
Changing price of 4852717584464 from: $2029.00 --> $1789  (11.9 x 150)...done (33/212)
Changing price of 4852717125712 from: $1519.00 --> $1339  (8.9 x 150)...done (34/212)
Changing price of 4852716601424 from: $649.00 --> $570  (3.8 x 150)...done (35/212)
Changing price of 4852181991504 from: $510.00 --> $450  (3 x 150)...done (36/212)
Changing price of 4852172324944 from: $699.00 --> $619  (4.1 x 150)...done (37/212)
Changing price of 4852171276368 from: $719.00 --> $630  (4.2 x 150)...done (38/212)
Changing price of 4852170817616 from: $579.00 --> $510  (3.4 x 150)...done (39/212)
Changing price of 4852170555472 from: $939.00 --> $829  (5.5 x 150)...done (40/212)
Changing price of 4852169605200 from: $869.00 --> $769  (5.1 x 150)...done (41/212)
Changing price of 4851875872848 from: $769.00 --> $669  (4.46 x 150)...done (42/212)
Changing price of 4851870171216 from: $729.00 --> $649  (4.3 x 150)...done (43/212)
Changing price of 4851868074064 from: $599.00 --> $549  (3.61 x 150)...done (44/212)
Changing price of 4851866566736 from: $929.00 --> $910  (6.07 x 150)...done (45/212)
Changing price of 4851866501200 from: $619.00 --> $540  (3.6 x 150)...done (46/212)
Changing price of 4851866337360 from: $779.00 --> $729  (4.82 x 150)...done (47/212)
Changing price of 4851866239056 from: $659.00 --> $599  (3.97 x 150)...done (48/212)
Changing price of 4851866140752 from: $440.00 --> $399  (4.4 x 90)...done (49/212)
Changing price of 4851865944144 from: $889.00 --> $780  (5.2 x 150)...done (50/212)
Changing price of 4851865452624 from: $1279.00 --> $1129  (7.5 x 150)...done (51/212)
Changing price of 4851864633424 from: $429.00 --> $379  (2.5 x 150)...done (52/212)
Changing price of 4851864371280 from: $719.00 --> $630  (4.2 x 150)...done (53/212)
Changing price of 4851864141904 from: $850.00 --> $750  (5 x 150)...done (54/212)
Changing price of 4851863388240 from: $459.00 --> $409  (2.7 x 150)...done (55/212)
Changing price of 4851863191632 from: $849.00 --> $779  (5.15 x 150)...done (56/212)
Changing price of 4851862929488 from: $699.00 --> $619  (4.1 x 150)...done (57/212)
Changing price of 4851862896720 from: $769.00 --> $720  (4.8 x 150)...done (58/212)
Changing price of 4851862634576 from: $1100.00 --> $990  (6.6 x 150)...done (59/212)
Changing price of 4851861946448 from: $919.00 --> $810  (5.4 x 150)...done (60/212)
Changing price of 4851861749840 from: $595.00 --> $529  (3.5 x 150)...done (61/212)
Changing price of 4851861422160 from: $599.00 --> $529  (3.5 x 150)...done (62/212)
Changing price of 4851861094480 from: $939.00 --> $829  (5.5 x 150)...done (63/212)
Changing price of 4851860832336 from: $1199.00 --> $1019  (6.74 x 150)...done (64/212)
Changing price of 4851860242512 from: $839.00 --> $739  (4.9 x 150)...done (65/212)
Changing price of 4851849461840 from: $879.00 --> $780  (5.20 x 150)...done (66/212)
Changing price of 4851840450640 from: $3249.00 --> $3069  (20.42 x 150)...done (67/212)
Changing price of 4851826917456 from: $2199.00 --> $2069  (13.79 x 150)...done (68/212)
Changing price of 4851811418192 from: $1949.00 --> $1789  (11.89 x 150)...done (69/212)
Changing price of 4851800211536 from: $1949.00 --> $1789  (11.89 x 150)...done (70/212)
Changing price of 4851799621712 from: $2699.00 --> $2529  (16.84 x 150)...done (71/212)
Changing price of 4850719260752 from: $1279.00 --> $1129  (7.5 x 150)...done (72/212)
Changing price of 4850717950032 from: $969.00 --> $859  (5.7 x 150)...done (73/212)
Changing price of 4850715689040 from: $529.00 --> $469  (3.1 x 150)...done (74/212)
Changing price of 4850715197520 from: $1139.00 --> $1009  (6.7 x 150)...done (75/212)
Changing price of 4850714378320 from: $1139.00 --> $1009  (6.7 x 150)...done (76/212)
Changing price of 4850713591888 from: $549.00 --> $480  (3.2 x 150)...done (77/212)
Changing price of 4850712641616 from: $1419.00 --> $1249  (8.3 x 150)...done (78/212)
Changing price of 4850711330896 from: $889.00 --> $780  (5.2 x 150)...done (79/212)
Changing price of 4850710610000 from: $479.00 --> $439  (2.9 x 150)...done (80/212)
Changing price of 4850709659728 from: $850.00 --> $750  (5 x 150)...done (81/212)
Changing price of 4850707857488 from: $1409.00 --> $379  (2.5 x 150)...done (82/212)
Changing price of 4850706514000 from: $425.00 --> $279  (3.1 x 90)...done (83/212)
Changing price of 4850153160784 from: $1580.00 --> $1399  (9.3 x 150)...done (84/212)
Changing price of 4850149228624 from: $900.00 --> $1170  (9 x 130)...done (85/212)
Changing price of 4850148278352 from: $969.00 --> $859  (5.7 x 150)...done (86/212)
Changing price of 4850146934864 from: $2069.00 --> $1350  (9 x 150)...done (87/212)
Changing price of 4850131468368 from: $649.00 --> $570  (3.8 x 150)...done (88/212)
Changing price of 4849945018448 from: $1599.00 --> $1510  (10.07 x 150)...done (89/212)
Changing price of 4848644325456 from: $1109.00 --> $1009  (6.7 x 150)...done (90/212)
Changing price of 4848642326608 from: $425.00 --> $379  (2.5 x 150)...done (91/212)
Changing price of 4848641081424 from: $409.00 --> $449  (3.4 x 130)...done (92/212)
Changing price of 4848640622672 from: $610.00 --> $549  (6.1 x 90)...done (93/212)
Changing price of 4848637345872 from: $959.00 --> $840  (5.6 x 150)...done (94/212)
Changing price of 4848635707472 from: $1190.00 --> $1050  (7 x 150)...done (95/212)
Changing price of 4848631480400 from: $420.00 --> $379  (4.2 x 90)...done (96/212)
Changing price of 4848625483856 from: $579.00 --> $510  (3.4 x 150)...done (97/212)
Changing price of 4848622993488 from: $1200.00 --> $1080  (12 x 90)...done (98/212)
Changing price of 4847371649104 from: $839.00 --> $739  (4.9 x 150)...done (99/212)
Changing price of 4847352053840 from: $409.00 --> $360  (2.4 x 150)...done (100/212)
Changing price of 4847316664400 from: $209.00 --> $180  (1.2 x 150)...done (101/212)
Changing price of 4847315091536 from: $239.00 --> $210  (1.4 x 150)...done (102/212)
Changing price of 4847312240720 from: $189.00 --> $169  (1.1 x 150)...done (103/212)
Changing price of 4847311683664 from: $279.00 --> $240  (1.6 x 150)...done (104/212)
Changing price of 4847311224912 from: $139.00 --> $169  (1.3 x 130)...done (105/212)
Changing price of 4847269511248 from: $629.00 --> $559  (3.7 x 150)...done (106/212)
Changing price of 4847269314640 from: $629.00 --> $559  (3.7 x 150)...done (107/212)
Changing price of 4847269183568 from: $619.00 --> $540  (3.6 x 150)...done (108/212)
Changing price of 4847268954192 from: $599.00 --> $529  (3.5 x 150)...done (109/212)
Changing price of 4847268462672 from: $569.00 --> $499  (3.3 x 150)...done (110/212)
Changing price of 4847267709008 from: $3519.00 --> $3109  (20.7 x 150)...done (111/212)
Changing price of 4847266562128 from: $5119.00 --> $4519  (30.1 x 150)...done (112/212)
Changing price of 4847266431056 from: $340.00 --> $300  (2 x 150)...done (113/212)
Changing price of 4847266136144 from: $839.00 --> $739  (4.9 x 150)...done (114/212)
Changing price of 4847265022032 from: $529.00 --> $469  (3.1 x 150)...done (115/212)
Changing price of 4847264235600 from: $869.00 --> $769  (5.1 x 150)...done (116/212)
Changing price of 4847030730832 from: $539.00 --> $479  (3.17 x 150)...done (117/212)
Changing price of 4847030370384 from: $1439.00 --> $1269  (8.45 x 150)...done (118/212)
Changing price of 4847029780560 from: $1989.00 --> $1759  (11.7 x 150)...done (119/212)
Changing price of 4847028240464 from: $1120.00 --> $989  (6.59 x 150)...done (120/212)
Changing price of 4847027716176 from: $1469.00 --> $1299  (8.61 x 150)...done (121/212)
Changing price of 4847025717328 from: $409.00 --> $359  (2.39 x 150)...done (122/212)
Changing price of 4847023947856 from: $380.00 --> $339  (2.24 x 150)...done (123/212)
Changing price of 4847023718480 from: $1899.00 --> $1669  (11.13 x 150)...done (124/212)
Changing price of 4847022178384 from: $1869.00 --> $1649  (10.96 x 150)...done (125/212)
Changing price of 4847021621328 from: $1349.00 --> $1189  (7.90 x 150)...done (126/212)
Changing price of 4847021228112 from: $1839.00 --> $1619  (10.79 x 150)...done (127/212)
Changing price of 4847021162576 from: $1030.00 --> $909  (6.06 x 150)...done (128/212)
Changing price of 4847020965968 from: $719.00 --> $639  (4.21 x 150)...done (129/212)
Changing price of 4847020507216 from: $689.00 --> $609  (4.04 x 150)...done (130/212)
Changing price of 4846059520080 from: $999.00 --> $870  (5.80 x 150)...done (131/212)
Changing price of 4846053425232 from: $1269.00 --> $1120  (7.47 x 150)...done (132/212)
Changing price of 4846048313424 from: $449.00 --> $399  (2.65 x 150)...done (133/212)
Changing price of 4846045659216 from: $549.00 --> $479  (3.17 x 150)...done (134/212)
Changing price of 4846042284112 from: $1275.00 --> $690  (4.6 x 150)...done (135/212)
Changing price of 4845966950480 from: $649.00 --> $580  (3.87 x 150)...done (136/212)
Changing price of 4845953941584 from: $799.00 --> $729  (4.86 x 150)...done (137/212)
Changing price of 4845937360976 from: $989.00 --> $1149  (7.63 x 150)...done (138/212)
Changing price of 4845921140816 from: $989.00 --> $869  (5.77 x 150)...done (139/212)
Changing price of 4845906690128 from: $889.00 --> $789  (5.22 x 150)...done (140/212)
Changing price of 4845878083664 from: $849.00 --> $749  (4.97 x 150)...done (141/212)
Changing price of 4845853212752 from: $739.00 --> $649  (4.33 x 150)...done (142/212)
Changing price of 4845828309072 from: $629.00 --> $559  (3.68 x 150)...done (143/212)
Changing price of 4845470089296 from: $1649.00 --> $1469  (9.74 x 150)...done (144/212)
Changing price of 4845451640912 from: $849.00 --> $750  (5.0 x 150)...done (145/212)
Changing price of 4845435879504 from: $949.00 --> $849  (5.61 x 150)...done (146/212)
Changing price of 4845424476240 from: $899.00 --> $819  (5.43 x 150)...done (147/212)
Changing price of 4845405241424 from: $629.00 --> $549  (3.64 x 150)...done (148/212)
Changing price of 4845403177040 from: $749.00 --> $669  (4.42 x 150)...done (149/212)
Changing price of 4845376012368 from: $1249.00 --> $1080  (7.2 x 150)...done (150/212)
Changing price of 4845365887056 from: $1569.00 --> $1389  (9.23 x 150)...done (151/212)
Changing price of 4676889804880 from: $215.00 --> $199  (1.3 x 150)...done (152/212)
Changing price of 4676855988304 from: $1050.00 --> $919  (6.1 x 150)...done (153/212)
Changing price of 4676612325456 from: $225.00 --> $229  (1.5 x 150)...done (154/212)
Changing price of 4676460314704 from: $1019.00 --> $859  (5.7 x 150)...done (155/212)
Changing price of 4676378493008 from: $1039.00 --> $1109  (7.39 x 150)...done (156/212)
Changing price of 4664933941328 from: $1309.00 --> $1159  (7.7 x 150)...done (157/212)
Changing price of 4664840912976 from: $329.00 --> $319  (2.10 x 150)...done (158/212)
Changing price of 4657414701136 from: $439.00 --> $370  (2.47 x 150)...done (159/212)
Changing price of 4657413128272 from: $730.00 --> $589  (3.88 x 150)...done (160/212)
Changing price of 4657392156752 from: $489.00 --> $439  (2.88 x 150)...done (161/212)
Changing price of 4657311383632 from: $720.00 --> $610  (4.07 x 150)...done (162/212)
Changing price of 8406090001 from: $499.00 --> $540  (3.6 x 150)...done (163/212)
Changing price of 8406088081 from: $699.00 --> $769  (5.1 x 150)...done (164/212)
Changing price of 8406079185 from: $579.00 --> $619  (4.1 x 150)...done (165/212)
Changing price of 8406075537 from: $939.00 --> $1009  (6.7 x 150)...done (166/212)
Changing price of 8406069905 from: $499.00 --> $529  (3.5 x 150)...done (167/212)
Changing price of 8406068561 from: $1449.00 --> $1560  (10.4 x 150)...done (168/212)
Changing price of 8406066833 from: $979.00 --> $859  (5.7 x 150)...done (169/212)
Changing price of 8406062929 from: $979.00 --> $1039  (6.9 x 150)...done (170/212)
Changing price of 8406056593 from: $1649.00 --> $1770  (11.8 x 150)...done (171/212)
Changing price of 8405573649 from: $319.00 --> $349  (2.3 x 150)...done (172/212)
Changing price of 8404976209 from: $1049.00 --> $1189  (7.9 x 150)...done (173/212)
Changing price of 8404959569 from: $849.00 --> $930  (6.2 x 150)...done (174/212)
Changing price of 8404939537 from: $639.00 --> $690  (4.6 x 150)...done (175/212)
Changing price of 8404900433 from: $1495.00 --> $1639  (10.9 x 150)...done (176/212)
Changing price of 8404518801 from: $569.00 --> $630  (4.2 x 150)...done (177/212)
Changing price of 8404500625 from: $1449.00 --> $1650  (11.0 x 150)...done (178/212)
Changing price of 8404447121 from: $1049.00 --> $1159  (7.7 x 150)...done (179/212)
Changing price of 8404439313 from: $1299.00 --> $1459  (9.7 x 150)...done (180/212)
Changing price of 8403239889 from: $249.00 --> $259  (1.7 x 150)...done (181/212)
Changing price of 8403169809 from: $225.00 --> $229  (1.5 x 150)...done (182/212)
Changing price of 8402803921 from: $159.00 --> $169  (1.1 x 150)...done (183/212)
Changing price of 8402798865 from: $179.00 --> $180  (1.2 x 150)...done (184/212)
Changing price of 8402792977 from: $279.00 --> $259  (1.7 x 150)...done (185/212)
Changing price of 8402779601 from: $370.00 --> $349  (2.3 x 150)...done (186/212)
Changing price of 8402768209 from: $349.00 --> $379  (2.5 x 150)...done (187/212)
Changing price of 8402764561 from: $249.00 --> $259  (1.7 x 150)...done (188/212)
Changing price of 8402715345 from: $329.00 --> $300  (2.0 x 150)...done (189/212)
Changing price of 8402615889 from: $619.00 --> $600  (4.0 x 150)...done (190/212)
Changing price of 8402577361 from: $339.00 --> $349  (2.3 x 150)...done (191/212)
Changing price of 8402538513 from: $259.00 --> $240  (1.6 x 150)...done (192/212)
Changing price of 8402526353 from: $269.00 --> $259  (1.7 x 150)...done (193/212)
Changing price of 8402505937 from: $255.00 --> $240  (1.6 x 150)...done (194/212)
Changing price of 8402457937 from: $449.00 --> $480  (3.2 x 150)...done (195/212)
Changing price of 8401154577 from: $449.00 --> $480  (3.2 x 150)...done (196/212)
Changing price of 8401129553 from: $210.00 --> $199  (1.3 x 150)...done (197/212)
Changing price of 8401108177 from: $210.00 --> $180  (1.2 x 150)...done (198/212)
Changing price of 8401084561 from: $279.00 --> $289  (1.9 x 150)...done (199/212)
Changing price of 8400987601 from: $190.00 --> $180  (1.2 x 150)...done (200/212)
Changing price of 8400967441 from: $259.00 --> $240  (1.6 x 150)...done (201/212)
Changing price of 8400949329 from: $326.00 --> $300  (2.0 x 150)...done (202/212)
Changing price of 8400945041 from: $449.00 --> $390  (2.6 x 150)...done (203/212)
Changing price of 8396103697 from: $179.00 --> $169  (1.10 x 150)...done (204/212)
Changing price of 8393259089 from: $160.00 --> $150  (1.0 x 150)...done (205/212)
Changing price of 8393222929 from: $399.00 --> $349  (2.30 x 150)...done (206/212)
Changing price of 8393207697 from: $360.00 --> $330  (2.20 x 150)...done (207/212)
Changing price of 8393186065 from: $360.00 --> $330  (2.20 x 150)...done (208/212)
Changing price of 8393088081 from: $319.00 --> $300  (2.0 x 150)...done (209/212)
Changing price of 8388171409 from: $299.00 --> $259  (1.73 x 150)...done (210/212)
Changing price of 8388160337 from: $339.00 --> $319  (2.10 x 150)...done (211/212)
Changing price of 8388141393 from: $169.00 --> $159  (1.01 x 150)...done (212/212)
RETRY COUNT = 135

Process finished with exit code 0
