C:\Users\Jesse\IdeaProjects\ShopifyChangeAllPrices>groovy main.groovy 0d4a39d04e16f612dce06801f74316cf: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
all-products-collection:169433595984
Total number of products: 260
Getting all Product IDs...
All unique product IDs accounted for.
Missing meta tags: https://fatima-jewellery.myshopify.com/admin/products/4851861880912
Missing meta tags: https://fatima-jewellery.myshopify.com/admin/products/4851861389392
Not gold:
Not gold:
Not gold:
Not gold:
Not gold:
Not gold:
Not gold:
Not gold:
Not gold:
Not gold:
Not gold:
Not gold:
Not gold:
Not gold:
Not gold:
Not gold:
Not gold:
Not gold:
Not gold:
256
Performing price change for a total of 212 gold products
4874577412176 from: $379.00 --> $389  (2.5 x 155)...done (1/212)
4858981449808 from: $3619.00 --> $3739  (24.1 x 155)...done (2/212)
4858980859984 from: $2389.00 --> $2469  (15.88 x 155)...done (3/212)
4858980499536 from: $3390.00 --> $3509  (22.6 x 155)...done (4/212)
4858979582032 from: $4419.00 --> $4569  (29.45 x 155)...done (5/212)
4858976698448 from: $2979.00 --> $3079  (19.86 x 155)...done (6/212)
4858974535760 from: $1719.00 --> $1770  (11.42 x 155)...done (7/212)
4858973913168 from: $2839.00 --> $2929  (18.88 x 155)...done (8/212)
4858969292880 from: $4269.00 --> $4409  (28.45 x 155)...done (9/212)
4858966114384 from: $5059.00 --> $5229  (33.71 x 155)...done (10/212)
4858965524560 from: $1509.00 --> $1559  (10.01 x 155)...done (11/212)
4858965262416 from: $5879.00 --> $6069  (39.16 x 155)...done (12/212)
4858962673744 from: $5499.00 --> $5680  (36.65 x 155)...done (13/212)
4858953990224 from: $6510.00 --> $6729  (43.4 x 155)...done (14/212)
4858332643408 from: $1639.00 --> $1689  (10.9 x 155)...done (15/212)
4858331594832 from: $1519.00 --> $1569  (10.1 x 155)...done (16/212)
4858330742864 from: $840.00 --> $869  (5.6 x 155)...done (17/212)
4858328612944 from: $720.00 --> $749  (4.8 x 155)...done (18/212)
4858326679632 from: $1639.00 --> $1639  (10.9 x 150)...done (19/212)
4858324549712 from: $839.00 --> $930  (9.3 x 100)...done (20/212)
4858323435600 from: $270.00 --> $279  (1.8 x 155)...done (21/212)
4858322878544 from: $889.00 --> $919  (5.9 x 155)...done (22/212)
4858321535056 from: $720.00 --> $749  (4.8 x 155)...done (23/212)
4858321240144 from: $960.00 --> $999  (6.4 x 155)...done (24/212)
4858320781392 from: $1170.00 --> $1209  (7.8 x 155)...done (25/212)
4858320093264 from: $1470.00 --> $1519  (9.8 x 155)...done (26/212)
4858318291024 from: $559.00 --> $579  (3.7 x 155)...done (27/212)
4858316685392 from: $529.00 --> $549  (3.5 x 155)...done (28/212)
4856356405328 from: $1009.00 --> $1039  (6.7 x 155)...done (29/212)
4852719910992 from: $1009.00 --> $1039  (6.7 x 155)...done (30/212)
4852718895184 from: $919.00 --> $919  (6.1 x 150)...done (31/212)
4852718469200 from: $990.00 --> $1029  (6.6 x 155)...done (32/212)
4852717584464 from: $1789.00 --> $1849  (11.9 x 155)...done (33/212)
4852717125712 from: $1339.00 --> $1379  (8.9 x 155)...done (34/212)
4852716601424 from: $570.00 --> $589  (3.8 x 155)...done (35/212)
4852181991504 from: $450.00 --> $469  (3 x 155)...done (36/212)
4852172324944 from: $619.00 --> $639  (4.1 x 155)...done (37/212)
4852171276368 from: $630.00 --> $659  (4.2 x 155)...done (38/212)
4852170817616 from: $510.00 --> $529  (3.4 x 155)...done (39/212)
4852170555472 from: $829.00 --> $859  (5.5 x 155)...done (40/212)
4852169605200 from: $769.00 --> $790  (5.1 x 155)...done (41/212)
4851875872848 from: $669.00 --> $699  (4.46 x 155)...done (42/212)
4851870171216 from: $649.00 --> $669  (4.3 x 155)...done (43/212)
4851868074064 from: $549.00 --> $559  (3.61 x 155)...done (44/212)
4851866566736 from: $910.00 --> $940  (6.07 x 155)...done (45/212)
4851866501200 from: $540.00 --> $559  (3.6 x 155)...done (46/212)
4851866337360 from: $729.00 --> $749  (4.82 x 155)...done (47/212)
4851866239056 from: $599.00 --> $619  (3.97 x 155)...done (48/212)
4851866140752 from: $399.00 --> $440  (4.4 x 100)...done (49/212)
4851865944144 from: $780.00 --> $809  (5.2 x 155)...done (50/212)
4851865452624 from: $1129.00 --> $1169  (7.5 x 155)...done (51/212)
4851864633424 from: $379.00 --> $389  (2.5 x 155)...done (52/212)
4851864371280 from: $630.00 --> $659  (4.2 x 155)...done (53/212)
4851864141904 from: $750.00 --> $779  (5 x 155)...done (54/212)
4851863388240 from: $409.00 --> $419  (2.7 x 155)...done (55/212)
4851863191632 from: $779.00 --> $799  (5.15 x 155)...done (56/212)
4851862929488 from: $619.00 --> $639  (4.1 x 155)...done (57/212)
4851862896720 from: $720.00 --> $749  (4.8 x 155)...done (58/212)
4851862634576 from: $990.00 --> $1029  (6.6 x 155)...done (59/212)
4851861946448 from: $810.00 --> $839  (5.4 x 155)...done (60/212)
4851861749840 from: $529.00 --> $549  (3.5 x 155)...done (61/212)
4851861422160 from: $529.00 --> $549  (3.5 x 155)...done (62/212)
4851861094480 from: $829.00 --> $859  (5.5 x 155)...done (63/212)
4851860832336 from: $1019.00 --> $1049  (6.74 x 155)...done (64/212)
4851860242512 from: $739.00 --> $759  (4.9 x 155)...done (65/212)
4851849461840 from: $780.00 --> $809  (5.20 x 155)...done (66/212)
4851840450640 from: $3069.00 --> $3169  (20.42 x 155)...done (67/212)
4851826917456 from: $2069.00 --> $2139  (13.79 x 155)...done (68/212)
4851811418192 from: $1789.00 --> $1849  (11.89 x 155)...done (69/212)
4851800211536 from: $1789.00 --> $1849  (11.89 x 155)...done (70/212)
4851799621712 from: $2529.00 --> $2610  (16.84 x 155)...done (71/212)
4850719260752 from: $1129.00 --> $1169  (7.5 x 155)...done (72/212)
4850717950032 from: $859.00 --> $889  (5.7 x 155)...done (73/212)
4850715689040 from: $469.00 --> $480  (3.1 x 155)...done (74/212)
4850715197520 from: $1009.00 --> $1039  (6.7 x 155)...done (75/212)
4850714378320 from: $1009.00 --> $1039  (6.7 x 155)...done (76/212)
4850713591888 from: $480.00 --> $499  (3.2 x 155)...done (77/212)
4850712641616 from: $1249.00 --> $1289  (8.3 x 155)...done (78/212)
4850711330896 from: $780.00 --> $809  (5.2 x 155)...done (79/212)
4850710610000 from: $439.00 --> $439  (2.9 x 150)...done (80/212)
4850709659728 from: $750.00 --> $779  (5 x 155)...done (81/212)
4850707857488 from: $379.00 --> $389  (2.5 x 155)...done (82/212)
4850706514000 from: $279.00 --> $310  (3.1 x 100)...done (83/212)
4850153160784 from: $1399.00 --> $1449  (9.3 x 155)...done (84/212)
4850149228624 from: $1170.00 --> $1170  (9 x 130)...done (85/212)
4850148278352 from: $859.00 --> $889  (5.7 x 155)...done (86/212)
4850146934864 from: $1350.00 --> $1350  (9 x 150)...done (87/212)
4850131468368 from: $570.00 --> $589  (3.8 x 155)...done (88/212)
4849945018448 from: $1510.00 --> $1560  (10.07 x 155)...done (89/212)
4848644325456 from: $1009.00 --> $1009  (6.7 x 150)...done (90/212)
4848642326608 from: $379.00 --> $389  (2.5 x 155)...done (91/212)
4848641081424 from: $449.00 --> $449  (3.4 x 130)...done (92/212)
4848640622672 from: $549.00 --> $610  (6.1 x 100)...done (93/212)
4848637345872 from: $840.00 --> $869  (5.6 x 155)...done (94/212)
4848635707472 from: $1050.00 --> $1089  (7 x 155)...done (95/212)
4848631480400 from: $379.00 --> $420  (4.2 x 100)...done (96/212)
4848625483856 from: $510.00 --> $529  (3.4 x 155)...done (97/212)
4848622993488 from: $1080.00 --> $1200  (12 x 100)...done (98/212)
4847371649104 from: $739.00 --> $759  (4.9 x 155)...done (99/212)
4847352053840 from: $360.00 --> $379  (2.4 x 155)...done (100/212)
4847316664400 from: $180.00 --> $189  (1.2 x 155)...done (101/212)
4847315091536 from: $210.00 --> $219  (1.4 x 155)...done (102/212)
4847312240720 from: $169.00 --> $170  (1.1 x 155)...done (103/212)
4847311683664 from: $240.00 --> $249  (1.6 x 155)...done (104/212)
4847311224912 from: $169.00 --> $169  (1.3 x 130)...done (105/212)
4847269511248 from: $559.00 --> $579  (3.7 x 155)...done (106/212)
4847269314640 from: $559.00 --> $579  (3.7 x 155)...done (107/212)
4847269183568 from: $540.00 --> $559  (3.6 x 155)...done (108/212)
4847268954192 from: $529.00 --> $549  (3.5 x 155)...done (109/212)
4847268462672 from: $499.00 --> $519  (3.3 x 155)...done (110/212)
4847267709008 from: $3109.00 --> $3209  (20.7 x 155)...done (111/212)
4847266562128 from: $4519.00 --> $4669  (30.1 x 155)...done (112/212)
4847266431056 from: $300.00 --> $310  (2 x 155)...done (113/212)
4847266136144 from: $739.00 --> $759  (4.9 x 155)...done (114/212)
4847265022032 from: $469.00 --> $480  (3.1 x 155)...done (115/212)
4847264235600 from: $769.00 --> $790  (5.1 x 155)...done (116/212)
4847030730832 from: $479.00 --> $499  (3.17 x 155)...done (117/212)
4847030370384 from: $1269.00 --> $1309  (8.45 x 155)...done (118/212)
4847029780560 from: $1759.00 --> $1819  (11.7 x 155)...done (119/212)
4847028240464 from: $989.00 --> $1029  (6.59 x 155)...done (120/212)
4847027716176 from: $1299.00 --> $1339  (8.61 x 155)...done (121/212)
4847025717328 from: $359.00 --> $370  (2.39 x 155)...done (122/212)
4847023947856 from: $339.00 --> $349  (2.24 x 155)...done (123/212)
4847023718480 from: $1669.00 --> $1729  (11.13 x 155)...done (124/212)
4847022178384 from: $1649.00 --> $1699  (10.96 x 155)...done (125/212)
4847021621328 from: $1189.00 --> $1189  (7.90 x 150)...done (126/212)
4847021228112 from: $1619.00 --> $1679  (10.79 x 155)...done (127/212)
4847021162576 from: $909.00 --> $939  (6.06 x 155)...done (128/212)
4847020965968 from: $639.00 --> $659  (4.21 x 155)...done (129/212)
4847020507216 from: $609.00 --> $629  (4.04 x 155)...done (130/212)
4846059520080 from: $870.00 --> $899  (5.80 x 155)...done (131/212)
4846053425232 from: $1120.00 --> $1159  (7.47 x 155)...done (132/212)
4846048313424 from: $399.00 --> $410  (2.65 x 155)...done (133/212)
4846045659216 from: $479.00 --> $499  (3.17 x 155)...done (134/212)
4846042284112 from: $690.00 --> $719  (4.6 x 155)...done (135/212)
4845966950480 from: $580.00 --> $599  (3.87 x 155)...done (136/212)
4845953941584 from: $729.00 --> $759  (4.86 x 155)...done (137/212)
4845937360976 from: $1149.00 --> $1189  (7.63 x 155)...done (138/212)
4845921140816 from: $869.00 --> $899  (5.77 x 155)...done (139/212)
4845906690128 from: $789.00 --> $809  (5.22 x 155)...done (140/212)
4845878083664 from: $749.00 --> $770  (4.97 x 155)...done (141/212)
4845853212752 from: $649.00 --> $679  (4.33 x 155)...done (142/212)
4845828309072 from: $559.00 --> $570  (3.68 x 155)...done (143/212)
4845470089296 from: $1469.00 --> $1509  (9.74 x 155)...done (144/212)
4845451640912 from: $750.00 --> $779  (5.0 x 155)...done (145/212)
4845435879504 from: $849.00 --> $869  (5.61 x 155)...done (146/212)
4845424476240 from: $819.00 --> $849  (5.43 x 155)...done (147/212)
4845405241424 from: $549.00 --> $569  (3.64 x 155)...done (148/212)
4845403177040 from: $669.00 --> $689  (4.42 x 155)...done (149/212)
4845376012368 from: $1080.00 --> $1119  (7.2 x 155)...done (150/212)
4845365887056 from: $1389.00 --> $1430  (9.23 x 155)...done (151/212)
4676889804880 from: $199.00 --> $209  (1.3 x 155)...done (152/212)
4676855988304 from: $919.00 --> $949  (6.1 x 155)...done (153/212)
4676612325456 from: $229.00 --> $239  (1.5 x 155)...done (154/212)
4676460314704 from: $859.00 --> $889  (5.7 x 155)...done (155/212)
4676378493008 from: $1109.00 --> $1149  (7.39 x 155)...done (156/212)
4664933941328 from: $1159.00 --> $1199  (7.7 x 155)...done (157/212)
4664840912976 from: $319.00 --> $329  (2.10 x 155)...done (158/212)
4657414701136 from: $370.00 --> $389  (2.47 x 155)...done (159/212)
4657413128272 from: $589.00 --> $609  (3.88 x 155)...done (160/212)
4657392156752 from: $439.00 --> $449  (2.88 x 155)...done (161/212)
4657311383632 from: $610.00 --> $630  (4.07 x 155)...done (162/212)
8406090001 from: $540.00 --> $559  (3.6 x 155)...done (163/212)
8406088081 from: $769.00 --> $790  (5.1 x 155)...done (164/212)
8406079185 from: $619.00 --> $639  (4.1 x 155)...done (165/212)
8406075537 from: $1009.00 --> $1039  (6.7 x 155)...done (166/212)
8406069905 from: $529.00 --> $549  (3.5 x 155)...done (167/212)
8406068561 from: $1560.00 --> $1619  (10.4 x 155)...done (168/212)
8406066833 from: $859.00 --> $889  (5.7 x 155)...done (169/212)
8406062929 from: $1039.00 --> $1069  (6.9 x 155)...done (170/212)
8406056593 from: $1770.00 --> $1829  (11.8 x 155)...done (171/212)
8405573649 from: $349.00 --> $359  (2.3 x 155)...done (172/212)
8404976209 from: $1189.00 --> $1229  (7.9 x 155)...done (173/212)
8404959569 from: $930.00 --> $969  (6.2 x 155)...done (174/212)
8404939537 from: $690.00 --> $719  (4.6 x 155)...done (175/212)
8404900433 from: $1639.00 --> $1689  (10.9 x 155)...done (176/212)
8404518801 from: $630.00 --> $659  (4.2 x 155)...done (177/212)
8404500625 from: $1650.00 --> $1709  (11.0 x 155)...done (178/212)
8404447121 from: $1159.00 --> $1199  (7.7 x 155)...done (179/212)
8404439313 from: $1459.00 --> $1509  (9.7 x 155)...done (180/212)
8403239889 from: $259.00 --> $269  (1.7 x 155)...done (181/212)
8403169809 from: $229.00 --> $239  (1.5 x 155)...done (182/212)
8402803921 from: $169.00 --> $170  (1.1 x 155)...done (183/212)
8402798865 from: $180.00 --> $189  (1.2 x 155)...done (184/212)
8402792977 from: $259.00 --> $269  (1.7 x 155)...done (185/212)
8402779601 from: $349.00 --> $359  (2.3 x 155)...done (186/212)
8402768209 from: $379.00 --> $389  (2.5 x 155)...done (187/212)
8402764561 from: $259.00 --> $269  (1.7 x 155)...done (188/212)
8402715345 from: $300.00 --> $310  (2.0 x 155)...done (189/212)
8402615889 from: $600.00 --> $620  (4.0 x 155)...done (190/212)
8402577361 from: $349.00 --> $359  (2.3 x 155)...done (191/212)
8402538513 from: $240.00 --> $249  (1.6 x 155)...done (192/212)
8402526353 from: $259.00 --> $269  (1.7 x 155)...done (193/212)
8402505937 from: $240.00 --> $249  (1.6 x 155)...done (194/212)
8402457937 from: $480.00 --> $499  (3.2 x 155)...done (195/212)
8401154577 from: $480.00 --> $499  (3.2 x 155)...done (196/212)
8401129553 from: $199.00 --> $209  (1.3 x 155)...done (197/212)
8401108177 from: $180.00 --> $189  (1.2 x 155)...done (198/212)
8401084561 from: $289.00 --> $299  (1.9 x 155)...done (199/212)
8400987601 from: $180.00 --> $189  (1.2 x 155)...done (200/212)
8400967441 from: $240.00 --> $249  (1.6 x 155)...done (201/212)
8400949329 from: $300.00 --> $310  (2.0 x 155)...done (202/212)
8400945041 from: $390.00 --> $409  (2.6 x 155)...done (203/212)
8396103697 from: $169.00 --> $170  (1.10 x 155)...done (204/212)
8393259089 from: $150.00 --> $159  (1.0 x 155)...done (205/212)
8393222929 from: $349.00 --> $359  (2.30 x 155)...done (206/212)
8393207697 from: $330.00 --> $349  (2.20 x 155)...done (207/212)
8393186065 from: $330.00 --> $349  (2.20 x 155)...done (208/212)
8393088081 from: $300.00 --> $310  (2.0 x 155)...done (209/212)
8388171409 from: $259.00 --> $269  (1.73 x 155)...done (210/212)
8388160337 from: $319.00 --> $329  (2.10 x 155)...done (211/212)
8388141393 from: $159.00 --> $159  (1.01 x 155)...done (212/212)
RETRY COUNT = 623
