all-products-collection:169433595984
Total number of products: 264
Getting all Product IDs...
All unique product IDs accounted for.
Missing meta tags: https://fatima-jewellery.myshopify.com/admin/products/4851861880912
Missing meta tags: https://fatima-jewellery.myshopify.com/admin/products/4851861389392
Not gold: 
Not gold: 
Not gold: 
Not gold: 
Not gold: 
Not gold: 
Not gold: 
Not gold: 
Not gold: 
Not gold: 
Not gold: 
Not gold: 
Not gold: 
Not gold: 
Not gold: 
Not gold: 
Not gold: 
Not gold: 
Not gold: 
Not gold: 
261
Performing price change for a total of 215 gold products
6783776456784 from: $249.00 --> $279  (1.38 x 200)...done (1/215)
6783774359632 from: $1059.00 --> $1179  (6.05 x 195)...done (2/215)
6783765151824 from: $1729.00 --> $1920  (9.85 x 195)...done (3/215)
6616365826128 from: $399.00 --> $440  (2.2 x 200)...done (4/215)
4858981449808 from: $4339.00 --> $4820  (24.1 x 200)...done (5/215)
4858980859984 from: $2859.00 --> $3179  (15.88 x 200)...done (6/215)
4858980499536 from: $4069.00 --> $4520  (22.6 x 200)...done (7/215)
4858979582032 from: $5309.00 --> $5890  (29.45 x 200)...done (8/215)
4858976698448 from: $3579.00 --> $3979  (19.86 x 200)...done (9/215)
4858974535760 from: $2059.00 --> $2289  (11.42 x 200)...done (10/215)
4858973913168 from: $3399.00 --> $3779  (18.88 x 200)...done (11/215)
4858969292880 from: $5129.00 --> $5690  (28.45 x 200)...done (12/215)
4858966114384 from: $6069.00 --> $6749  (33.71 x 200)...done (13/215)
4858965524560 from: $1809.00 --> $2009  (10.01 x 200)...done (14/215)
4858965262416 from: $7049.00 --> $7839  (39.16 x 200)...done (15/215)
4858962673744 from: $6599.00 --> $7330  (36.65 x 200)...done (16/215)
4858953990224 from: $7819.00 --> $8680  (43.4 x 200)...done (17/215)
4858332643408 from: $1969.00 --> $2180  (10.9 x 200)...done (18/215)
4858331594832 from: $1819.00 --> $2020  (10.1 x 200)...done (19/215)
4858330742864 from: $1009.00 --> $1120  (5.6 x 200)...done (20/215)
4858328612944 from: $869.00 --> $960  (4.8 x 200)...done (21/215)
4858326679632 from: $1909.00 --> $2129  (10.9 x 195)...done (22/215)
4858324549712 from: $1119.00 --> $1259  (9.3 x 135)...done (23/215)
4858323435600 from: $329.00 --> $360  (1.8 x 200)...done (24/215)
4858322878544 from: $1069.00 --> $1180  (5.9 x 200)...done (25/215)
4858321535056 from: $869.00 --> $960  (4.8 x 200)...done (26/215)
4858321240144 from: $1159.00 --> $1280  (6.4 x 200)...done (27/215)
4858320781392 from: $1409.00 --> $1560  (7.8 x 200)...done (28/215)
4858320093264 from: $1769.00 --> $1960  (9.8 x 200)...done (29/215)
4858318291024 from: $669.00 --> $740  (3.7 x 200)...done (30/215)
4858316685392 from: $630.00 --> $700  (3.5 x 200)...done (31/215)
4856356405328 from: $1209.00 --> $1340  (6.7 x 200)...done (32/215)
4852719910992 from: $1209.00 --> $1340  (6.7 x 200)...done (33/215)
4852718895184 from: $1069.00 --> $1189  (6.1 x 195)...done (34/215)
4852718469200 from: $1189.00 --> $1320  (6.6 x 200)...done (35/215)
4852717584464 from: $2149.00 --> $2380  (11.9 x 200)...done (36/215)
4852717125712 from: $1609.00 --> $1780  (8.9 x 200)...done (37/215)
4852716601424 from: $689.00 --> $760  (3.8 x 200)...done (38/215)
4852181991504 from: $540.00 --> $600  (3 x 200)...done (39/215)
4852172324944 from: $739.00 --> $819  (4.1 x 200)...done (40/215)
4852171276368 from: $759.00 --> $840  (4.2 x 200)...done (41/215)
4852170817616 from: $619.00 --> $680  (3.4 x 200)...done (42/215)
4852170555472 from: $990.00 --> $1100  (5.5 x 200)...done (43/215)
4852169605200 from: $919.00 --> $1019  (5.1 x 200)...done (44/215)
4851875872848 from: $809.00 --> $899  (4.46 x 200)...done (45/215)
4851870171216 from: $779.00 --> $860  (4.3 x 200)...done (46/215)
4851868074064 from: $649.00 --> $729  (3.61 x 200)...done (47/215)
4851866566736 from: $1099.00 --> $1219  (6.07 x 200)...done (48/215)
4851866501200 from: $649.00 --> $720  (3.6 x 200)...done (49/215)
4851866337360 from: $869.00 --> $969  (4.82 x 200)...done (50/215)
4851866239056 from: $719.00 --> $799  (3.97 x 200)...done (51/215)
4851866140752 from: $529.00 --> $599  (4.4 x 135)...done (52/215)
4851865944144 from: $939.00 --> $1040  (5.2 x 200)...done (53/215)
4851865452624 from: $1350.00 --> $1500  (7.5 x 200)...done (54/215)
4851864633424 from: $450.00 --> $500  (2.5 x 200)...done (55/215)
4851864371280 from: $759.00 --> $840  (4.2 x 200)...done (56/215)
4851864141904 from: $900.00 --> $1000  (5 x 200)...done (57/215)
4851863388240 from: $489.00 --> $540  (2.7 x 200)...done (58/215)
4851863191632 from: $929.00 --> $1030  (5.15 x 200)...done (59/215)
4851862929488 from: $739.00 --> $819  (4.1 x 200)...done (60/215)
4851862896720 from: $869.00 --> $960  (4.8 x 200)...done (61/215)
4851862634576 from: $1189.00 --> $1320  (6.6 x 200)...done (62/215)
4851861946448 from: $979.00 --> $1080  (5.4 x 200)...done (63/215)
4851861749840 from: $630.00 --> $700  (3.5 x 200)...done (64/215)
4851861422160 from: $630.00 --> $700  (3.5 x 200)...done (65/215)
4851861094480 from: $990.00 --> $1100  (5.5 x 200)...done (66/215)
4851860832336 from: $1219.00 --> $1349  (6.74 x 200)...done (67/215)
4851860242512 from: $889.00 --> $980  (4.9 x 200)...done (68/215)
4851849461840 from: $939.00 --> $1040  (5.20 x 200)...done (69/215)
4851840450640 from: $3679.00 --> $4089  (20.42 x 200)...done (70/215)
4851826917456 from: $2489.00 --> $2759  (13.79 x 200)...done (71/215)
4851811418192 from: $2140.00 --> $2379  (11.89 x 200)...done (72/215)
4851800211536 from: $2140.00 --> $2379  (11.89 x 200)...done (73/215)
4851799621712 from: $3039.00 --> $3369  (16.84 x 200)...done (74/215)
4850719260752 from: $1350.00 --> $1500  (7.5 x 200)...done (75/215)
4850717950032 from: $1029.00 --> $1140  (5.7 x 200)...done (76/215)
4850715689040 from: $559.00 --> $620  (3.1 x 200)...done (77/215)
4850715197520 from: $1209.00 --> $1340  (6.7 x 200)...done (78/215)
4850714378320 from: $1209.00 --> $1340  (6.7 x 200)...done (79/215)
4850713591888 from: $579.00 --> $640  (3.2 x 200)...done (80/215)
4850712641616 from: $1499.00 --> $1660  (8.3 x 200)...done (81/215)
4850711330896 from: $939.00 --> $1040  (5.2 x 200)...done (82/215)
4850710610000 from: $509.00 --> $569  (2.9 x 195)...done (83/215)
4850709659728 from: $900.00 --> $1000  (5 x 200)...done (84/215)
4850707857488 from: $450.00 --> $500  (2.5 x 200)...done (85/215)
4850706514000 from: $379.00 --> $419  (3.1 x 135)...done (86/215)
4850153160784 from: $1679.00 --> $1860  (9.3 x 200)...done (87/215)
4850149228624 from: $1350.00 --> $1489  (9 x 165)...done (88/215)
4850148278352 from: $1029.00 --> $1140  (5.7 x 200)...done (89/215)
4850146934864 from: $1579.00 --> $1759  (9 x 195)...done (90/215)
4850131468368 from: $689.00 --> $760  (3.8 x 200)...done (91/215)
4849945018448 from: $1819.00 --> $2019  (10.07 x 200)...done (92/215)
4848644325456 from: $1179.00 --> $1309  (6.7 x 195)...done (93/215)
4848642326608 from: $450.00 --> $500  (2.5 x 200)...done (94/215)
4848641081424 from: $510.00 --> $569  (3.4 x 165)...done (95/215)
4848640622672 from: $739.00 --> $829  (6.1 x 135)...done (96/215)
4848637345872 from: $1009.00 --> $1120  (5.6 x 200)...done (97/215)
4848635707472 from: $1260.00 --> $1400  (7 x 200)...done (98/215)
4848631480400 from: $509.00 --> $569  (4.2 x 135)...done (99/215)
4848625483856 from: $619.00 --> $680  (3.4 x 200)...done (100/215)
4848622993488 from: $1440.00 --> $1620  (12 x 135)...done (101/215)
4847371649104 from: $889.00 --> $980  (4.9 x 200)...done (102/215)
4847352053840 from: $439.00 --> $480  (2.4 x 200)...done (103/215)
4847316664400 from: $219.00 --> $240  (1.2 x 200)...done (104/215)
4847315091536 from: $259.00 --> $280  (1.4 x 200)...done (105/215)
4847312240720 from: $199.00 --> $220  (1.1 x 200)...done (106/215)
4847311683664 from: $289.00 --> $320  (1.6 x 200)...done (107/215)
4847311224912 from: $199.00 --> $219  (1.3 x 165)...done (108/215)
4847269511248 from: $669.00 --> $740  (3.7 x 200)...done (109/215)
4847269314640 from: $669.00 --> $740  (3.7 x 200)...done (110/215)
4847269183568 from: $649.00 --> $720  (3.6 x 200)...done (111/215)
4847268954192 from: $630.00 --> $700  (3.5 x 200)...done (112/215)
4847268462672 from: $599.00 --> $660  (3.3 x 200)...done (113/215)
4847267709008 from: $3729.00 --> $4140  (20.7 x 200)...done (114/215)
4847266562128 from: $5419.00 --> $6020  (30.1 x 200)...done (115/215)
4847266431056 from: $360.00 --> $400  (2 x 200)...done (116/215)
4847266136144 from: $889.00 --> $980  (4.9 x 200)...done (117/215)
4847265022032 from: $559.00 --> $620  (3.1 x 200)...done (118/215)
4847264235600 from: $919.00 --> $1019  (5.1 x 200)...done (119/215)
4847030730832 from: $570.00 --> $639  (3.17 x 200)...done (120/215)
4847030370384 from: $1520.00 --> $1689  (8.45 x 200)...done (121/215)
4847029780560 from: $2109.00 --> $2340  (11.7 x 200)...done (122/215)
4847028240464 from: $1189.00 --> $1319  (6.59 x 200)...done (123/215)
4847027716176 from: $1549.00 --> $1729  (8.61 x 200)...done (124/215)
4847025717328 from: $430.00 --> $479  (2.39 x 200)...done (125/215)
4847023947856 from: $409.00 --> $449  (2.24 x 200)...done (126/215)
4847023718480 from: $2009.00 --> $2229  (11.13 x 200)...done (127/215)
4847022178384 from: $1979.00 --> $2199  (10.96 x 200)...done (128/215)
4847021621328 from: $1389.00 --> $1540  (7.90 x 195)...done (129/215)
4847021228112 from: $1949.00 --> $2159  (10.79 x 200)...done (130/215)
4847021162576 from: $1090.00 --> $1219  (6.06 x 200)...done (131/215)
4847020965968 from: $759.00 --> $849  (4.21 x 200)...done (132/215)
4847020507216 from: $729.00 --> $809  (4.04 x 200)...done (133/215)
4846059520080 from: $1049.00 --> $1160  (5.80 x 200)...done (134/215)
4846053425232 from: $1349.00 --> $1499  (7.47 x 200)...done (135/215)
4846048313424 from: $479.00 --> $530  (2.65 x 200)...done (136/215)
4846045659216 from: $570.00 --> $639  (3.17 x 200)...done (137/215)
4846042284112 from: $829.00 --> $919  (4.6 x 200)...done (138/215)
4845966950480 from: $699.00 --> $779  (3.87 x 200)...done (139/215)
4845953941584 from: $879.00 --> $979  (4.86 x 200)...done (140/215)
4845937360976 from: $1379.00 --> $1529  (7.63 x 200)...done (141/215)
4845921140816 from: $1039.00 --> $1159  (5.77 x 200)...done (142/215)
4845906690128 from: $939.00 --> $1049  (5.22 x 200)...done (143/215)
4845878083664 from: $899.00 --> $999  (4.97 x 200)...done (144/215)
4845853212752 from: $779.00 --> $869  (4.33 x 200)...done (145/215)
4845828309072 from: $669.00 --> $739  (3.68 x 200)...done (146/215)
4845470089296 from: $1759.00 --> $1949  (9.74 x 200)...done (147/215)
4845451640912 from: $900.00 --> $1000  (5.0 x 200)...done (148/215)
4845435879504 from: $1009.00 --> $1129  (5.61 x 200)...done (149/215)
4845424476240 from: $979.00 --> $1089  (5.43 x 200)...done (150/215)
4845405241424 from: $659.00 --> $729  (3.64 x 200)...done (151/215)
4845403177040 from: $799.00 --> $889  (4.42 x 200)...done (152/215)
4845376012368 from: $1299.00 --> $1440  (7.2 x 200)...done (153/215)
4845365887056 from: $1669.00 --> $1849  (9.23 x 200)...done (154/215)
4676889804880 from: $239.00 --> $260  (1.3 x 200)...done (155/215)
4676855988304 from: $1099.00 --> $1220  (6.1 x 200)...done (156/215)
4676612325456 from: $270.00 --> $300  (1.5 x 200)...done (157/215)
4676460314704 from: $1029.00 --> $1140  (5.7 x 200)...done (158/215)
4676378493008 from: $1330.00 --> $1479  (7.39 x 200)...done (159/215)
4664933941328 from: $1389.00 --> $1540  (7.7 x 200)...done (160/215)
4664840912976 from: $379.00 --> $420  (2.10 x 200)...done (161/215)
4657414701136 from: $449.00 --> $499  (2.47 x 200)...done (162/215)
4657413128272 from: $699.00 --> $779  (3.88 x 200)...done (163/215)
4657392156752 from: $519.00 --> $579  (2.88 x 200)...done (164/215)
4657311383632 from: $739.00 --> $819  (4.07 x 200)...done (165/215)
8406090001 from: $649.00 --> $720  (3.6 x 200)...done (166/215)
8406088081 from: $919.00 --> $1019  (5.1 x 200)...done (167/215)
8406079185 from: $739.00 --> $819  (4.1 x 200)...done (168/215)
8406075537 from: $1209.00 --> $1340  (6.7 x 200)...done (169/215)
8406069905 from: $630.00 --> $700  (3.5 x 200)...done (170/215)
8406068561 from: $1879.00 --> $2080  (10.4 x 200)...done (171/215)
8406066833 from: $1029.00 --> $1140  (5.7 x 200)...done (172/215)
8406062929 from: $1249.00 --> $1380  (6.9 x 200)...done (173/215)
8406056593 from: $2129.00 --> $2360  (11.8 x 200)...done (174/215)
8405573649 from: $419.00 --> $459  (2.3 x 200)...done (175/215)
8404976209 from: $1429.00 --> $1580  (7.9 x 200)...done (176/215)
8404959569 from: $1119.00 --> $1240  (6.2 x 200)...done (177/215)
8404939537 from: $829.00 --> $919  (4.6 x 200)...done (178/215)
8404900433 from: $1969.00 --> $2180  (10.9 x 200)...done (179/215)
8404518801 from: $759.00 --> $840  (4.2 x 200)...done (180/215)
8404500625 from: $1980.00 --> $2200  (11.0 x 200)...done (181/215)
8404447121 from: $1389.00 --> $1540  (7.7 x 200)...done (182/215)
8404439313 from: $1749.00 --> $1939  (9.7 x 200)...done (183/215)
8403239889 from: $309.00 --> $340  (1.7 x 200)...done (184/215)
8403169809 from: $270.00 --> $300  (1.5 x 200)...done (185/215)
8402803921 from: $199.00 --> $220  (1.1 x 200)...done (186/215)
8402798865 from: $219.00 --> $240  (1.2 x 200)...done (187/215)
8402792977 from: $309.00 --> $340  (1.7 x 200)...done (188/215)
8402779601 from: $419.00 --> $459  (2.3 x 200)...done (189/215)
8402768209 from: $450.00 --> $500  (2.5 x 200)...done (190/215)
8402764561 from: $309.00 --> $340  (1.7 x 200)...done (191/215)
8402715345 from: $360.00 --> $400  (2.0 x 200)...done (192/215)
8402615889 from: $720.00 --> $800  (4.0 x 200)...done (193/215)
8402577361 from: $419.00 --> $459  (2.3 x 200)...done (194/215)
8402538513 from: $289.00 --> $320  (1.6 x 200)...done (195/215)
8402526353 from: $309.00 --> $340  (1.7 x 200)...done (196/215)
8402505937 from: $289.00 --> $320  (1.6 x 200)...done (197/215)
8402457937 from: $579.00 --> $640  (3.2 x 200)...done (198/215)
8401154577 from: $579.00 --> $640  (3.2 x 200)...done (199/215)
8401129553 from: $239.00 --> $260  (1.3 x 200)...done (200/215)
8401108177 from: $219.00 --> $240  (1.2 x 200)...done (201/215)
8401084561 from: $349.00 --> $380  (1.9 x 200)...done (202/215)
8400987601 from: $219.00 --> $240  (1.2 x 200)...done (203/215)
8400967441 from: $289.00 --> $320  (1.6 x 200)...done (204/215)
8400949329 from: $360.00 --> $400  (2.0 x 200)...done (205/215)
8400945041 from: $469.00 --> $520  (2.6 x 200)...done (206/215)
8396103697 from: $199.00 --> $220  (1.10 x 200)...done (207/215)
8393259089 from: $180.00 --> $200  (1.0 x 200)...done (208/215)
8393222929 from: $419.00 --> $459  (2.30 x 200)...done (209/215)
8393207697 from: $399.00 --> $440  (2.20 x 200)...done (210/215)
8393186065 from: $399.00 --> $440  (2.20 x 200)...done (211/215)
8393088081 from: $360.00 --> $400  (2.0 x 200)...done (212/215)
8388171409 from: $319.00 --> $349  (1.73 x 200)...done (213/215)
8388160337 from: $379.00 --> $420  (2.10 x 200)...done (214/215)
8388141393 from: $189.00 --> $209  (1.01 x 200)...done (215/215)
RETRY COUNT = 0
RATE LIMIT COUNT = 0